1479978800094	geckodriver	INFO	Listening on 127.0.0.1:53773
1479978801083	mozprofile::profile	INFO	Using profile path /tmp/rust_mozprofile.69boSOXQLDk0
1479978801089	geckodriver::marionette	INFO	Starting browser /usr/bin/firefox
1479978801147	geckodriver::marionette	INFO	Connecting to Marionette on localhost:51302

(firefox:18507): GLib-GObject-CRITICAL **: g_object_ref: assertion 'object->ref_count > 0' failed

(firefox:18507): GLib-GObject-CRITICAL **: g_object_unref: assertion 'object->ref_count > 0' failed

(firefox:18507): GLib-GObject-CRITICAL **: g_object_ref: assertion 'object->ref_count > 0' failed

(firefox:18507): GLib-GObject-CRITICAL **: g_object_unref: assertion 'object->ref_count > 0' failed
1479978803449	addons.manager	DEBUG	Application has been upgraded
1479978803562	addons.manager	DEBUG	Loaded provider scope for resource://gre/modules/addons/XPIProvider.jsm: ["XPIProvider"]
1479978803566	addons.manager	DEBUG	Loaded provider scope for resource://gre/modules/LightweightThemeManager.jsm: ["LightweightThemeManager"]
1479978803576	addons.manager	DEBUG	Loaded provider scope for resource://gre/modules/addons/GMPProvider.jsm
1479978803579	addons.manager	DEBUG	Loaded provider scope for resource://gre/modules/addons/PluginProvider.jsm
1479978803580	addons.manager	DEBUG	Starting provider: XPIProvider
1479978803581	addons.xpi	DEBUG	startup
1479978803582	addons.xpi	INFO	SystemAddonInstallLocation directory is missing
1479978803583	addons.xpi	INFO	Mapping e10srollout@mozilla.org to /usr/lib/firefox/browser/features/e10srollout@mozilla.org.xpi
1479978803584	addons.xpi	INFO	Mapping aushelper@mozilla.org to /usr/lib/firefox/browser/features/aushelper@mozilla.org.xpi
1479978803584	addons.xpi	INFO	Mapping firefox@getpocket.com to /usr/lib/firefox/browser/features/firefox@getpocket.com.xpi
1479978803585	addons.xpi	INFO	Mapping webcompat@mozilla.org to /usr/lib/firefox/browser/features/webcompat@mozilla.org.xpi
1479978803586	addons.xpi	INFO	Mapping {972ce4c6-7e08-4474-a285-3208198ce6fd} to /usr/lib/firefox/browser/extensions/{972ce4c6-7e08-4474-a285-3208198ce6fd}.xpi
1479978803587	addons.xpi	DEBUG	checkForChanges
1479978803588	addons.xpi	DEBUG	Loaded add-on state from prefs: {}
1479978803589	addons.xpi	DEBUG	New add-on e10srollout@mozilla.org in app-system-defaults
1479978803591	addons.xpi	DEBUG	getModTime: Recursive scan of e10srollout@mozilla.org
1479978803592	addons.xpi	DEBUG	New add-on aushelper@mozilla.org in app-system-defaults
1479978803592	addons.xpi	DEBUG	getModTime: Recursive scan of aushelper@mozilla.org
1479978803593	addons.xpi	DEBUG	New add-on firefox@getpocket.com in app-system-defaults
1479978803594	addons.xpi	DEBUG	getModTime: Recursive scan of firefox@getpocket.com
1479978803594	addons.xpi	DEBUG	New add-on webcompat@mozilla.org in app-system-defaults
1479978803594	addons.xpi	DEBUG	getModTime: Recursive scan of webcompat@mozilla.org
1479978803595	addons.xpi	DEBUG	New add-on {972ce4c6-7e08-4474-a285-3208198ce6fd} in app-global
1479978803596	addons.xpi	DEBUG	getModTime: Recursive scan of {972ce4c6-7e08-4474-a285-3208198ce6fd}
1479978803597	addons.xpi	DEBUG	getInstallState changed: true, state: {"app-system-defaults":{"e10srollout@mozilla.org":{"d":"/usr/lib/firefox/browser/features/e10srollout@mozilla.org.xpi","st":1479138870000},"aushelper@mozilla.org":{"d":"/usr/lib/firefox/browser/features/aushelper@mozilla.org.xpi","st":1479138870000},"firefox@getpocket.com":{"d":"/usr/lib/firefox/browser/features/firefox@getpocket.com.xpi","st":1479138870000},"webcompat@mozilla.org":{"d":"/usr/lib/firefox/browser/features/webcompat@mozilla.org.xpi","st":1479138870000}},"app-global":{"{972ce4c6-7e08-4474-a285-3208198ce6fd}":{"d":"/usr/lib/firefox/browser/extensions/{972ce4c6-7e08-4474-a285-3208198ce6fd}.xpi","st":1479138870000}}}
1479978803616	addons.xpi-utils	DEBUG	Opening XPI database /tmp/rust_mozprofile.69boSOXQLDk0/extensions.json
1479978803617	addons.xpi-utils	DEBUG	New add-on e10srollout@mozilla.org installed in app-system-defaults
*** Blocklist::_loadBlocklistFromFile: blocklist is disabled
1479978803641	DeferredSave.extensions.json	DEBUG	Save changes
1479978803642	addons.xpi-utils	DEBUG	New add-on aushelper@mozilla.org installed in app-system-defaults
1479978803655	DeferredSave.extensions.json	DEBUG	Starting timer
1479978803657	DeferredSave.extensions.json	DEBUG	Save changes
1479978803657	addons.xpi-utils	DEBUG	New add-on firefox@getpocket.com installed in app-system-defaults
1479978803671	DeferredSave.extensions.json	DEBUG	Save changes
1479978803671	addons.xpi-utils	DEBUG	New add-on webcompat@mozilla.org installed in app-system-defaults
1479978803683	DeferredSave.extensions.json	DEBUG	Save changes
1479978803684	addons.xpi-utils	DEBUG	New add-on {972ce4c6-7e08-4474-a285-3208198ce6fd} installed in app-global
1479978803725	DeferredSave.extensions.json	DEBUG	Save changes
1479978803725	addons.manager	DEBUG	Registering startup change 'installed' for e10srollout@mozilla.org
1479978803738	addons.xpi	DEBUG	Loading bootstrap scope from /usr/lib/firefox/browser/features/e10srollout@mozilla.org.xpi
1479978803759	addons.xpi	DEBUG	Calling bootstrap method install on e10srollout@mozilla.org version 1.5
1479978803761	addons.xpi-utils	DEBUG	Make addon app-system-defaults:e10srollout@mozilla.org visible
1479978803762	DeferredSave.extensions.json	DEBUG	Save changes
1479978803762	addons.manager	DEBUG	Registering startup change 'installed' for aushelper@mozilla.org
1479978803763	addons.xpi	DEBUG	Loading bootstrap scope from /usr/lib/firefox/browser/features/aushelper@mozilla.org.xpi
1479978803768	addons.xpi	DEBUG	Calling bootstrap method install on aushelper@mozilla.org version 1.0
1479978803768	addons.xpi-utils	DEBUG	Make addon app-system-defaults:aushelper@mozilla.org visible
1479978803770	DeferredSave.extensions.json	DEBUG	Save changes
1479978803770	addons.manager	DEBUG	Registering startup change 'installed' for firefox@getpocket.com
1479978803771	addons.xpi	DEBUG	Loading bootstrap scope from /usr/lib/firefox/browser/features/firefox@getpocket.com.xpi
1479978803777	addons.xpi	DEBUG	Calling bootstrap method install on firefox@getpocket.com version 1.0.5
1479978803777	addons.xpi-utils	DEBUG	Make addon app-system-defaults:firefox@getpocket.com visible
1479978803777	DeferredSave.extensions.json	DEBUG	Save changes
1479978803778	addons.manager	DEBUG	Registering startup change 'installed' for webcompat@mozilla.org
1479978803779	addons.xpi	DEBUG	Loading bootstrap scope from /usr/lib/firefox/browser/features/webcompat@mozilla.org.xpi
1479978803781	addons.xpi	DEBUG	Calling bootstrap method install on webcompat@mozilla.org version 1.0
1479978803781	addons.xpi-utils	DEBUG	Make addon app-system-defaults:webcompat@mozilla.org visible
1479978803781	DeferredSave.extensions.json	DEBUG	Save changes
1479978803782	addons.xpi-utils	DEBUG	Make addon app-global:{972ce4c6-7e08-4474-a285-3208198ce6fd} visible
1479978803782	DeferredSave.extensions.json	DEBUG	Save changes
1479978803783	addons.xpi	DEBUG	Updating XPIState for {"id":"e10srollout@mozilla.org","syncGUID":"{8b38b703-d95f-436d-95b9-700c19d5c0d1}","location":"app-system-defaults","version":"1.5","type":"extension","internalName":null,"updateURL":null,"updateKey":null,"optionsURL":null,"optionsType":null,"aboutURL":null,"icons":{},"iconURL":null,"icon64URL":null,"defaultLocale":{"name":"Multi-process staged rollout","description":"Staged rollout of Firefox multi-process feature.","creator":null,"homepageURL":null},"visible":true,"active":true,"userDisabled":false,"appDisabled":false,"descriptor":"/usr/lib/firefox/browser/features/e10srollout@mozilla.org.xpi","installDate":1479138870000,"updateDate":1479138870000,"applyBackgroundUpdates":1,"bootstrap":true,"skinnable":false,"size":7208,"sourceURI":null,"releaseNotesURI":null,"softDisabled":false,"foreignInstall":false,"hasBinaryComponents":false,"strictCompatibility":false,"locales":[],"targetApplications":[{"id":"{ec8030f7-c20a-464f-9b0e-13a3a9e97384}","minVersion":"50.0","maxVersion":"50.*"}],"targetPlatforms":[],"multiprocessCompatible":false,"seen":true}
1479978803783	addons.xpi	DEBUG	getModTime: Recursive scan of e10srollout@mozilla.org
1479978803784	addons.xpi	DEBUG	Updating XPIState for {"id":"aushelper@mozilla.org","syncGUID":"{edca347b-0665-41ad-8f70-5264553fd4b8}","location":"app-system-defaults","version":"1.0","type":"extension","internalName":null,"updateURL":null,"updateKey":null,"optionsURL":null,"optionsType":null,"aboutURL":null,"icons":{},"iconURL":null,"icon64URL":null,"defaultLocale":{"name":"Application Update Service Helper","description":"Sets value(s) in the update url based on custom checks.","creator":null,"homepageURL":null},"visible":true,"active":true,"userDisabled":false,"appDisabled":false,"descriptor":"/usr/lib/firefox/browser/features/aushelper@mozilla.org.xpi","installDate":1479138870000,"updateDate":1479138870000,"applyBackgroundUpdates":1,"bootstrap":true,"skinnable":false,"size":5973,"sourceURI":null,"releaseNotesURI":null,"softDisabled":false,"foreignInstall":false,"hasBinaryComponents":false,"strictCompatibility":false,"locales":[],"targetApplications":[{"id":"{ec8030f7-c20a-464f-9b0e-13a3a9e97384}","minVersion":"50.0","maxVersion":"50.*"}],"targetPlatforms":[],"multiprocessCompatible":true,"seen":true}
1479978803784	addons.xpi	DEBUG	getModTime: Recursive scan of aushelper@mozilla.org
1479978803784	addons.xpi	DEBUG	Updating XPIState for {"id":"firefox@getpocket.com","syncGUID":"{36bfd319-adc3-4a99-9c63-fa4c48c36602}","location":"app-system-defaults","version":"1.0.5","type":"extension","internalName":null,"updateURL":null,"updateKey":null,"optionsURL":null,"optionsType":null,"aboutURL":null,"icons":{},"iconURL":null,"icon64URL":null,"defaultLocale":{"name":"Pocket","description":"When you find something you want to view later, put it in Pocket.","creator":null,"homepageURL":null},"visible":true,"active":true,"userDisabled":false,"appDisabled":false,"descriptor":"/usr/lib/firefox/browser/features/firefox@getpocket.com.xpi","installDate":1479138870000,"updateDate":1479138870000,"applyBackgroundUpdates":1,"bootstrap":true,"skinnable":false,"size":916880,"sourceURI":null,"releaseNotesURI":null,"softDisabled":false,"foreignInstall":false,"hasBinaryComponents":false,"strictCompatibility":false,"locales":[],"targetApplications":[{"id":"{ec8030f7-c20a-464f-9b0e-13a3a9e97384}","minVersion":"50.0","maxVersion":"50.*"}],"targetPlatforms":[],"multiprocessCompatible":false,"seen":true}
1479978803785	addons.xpi	DEBUG	getModTime: Recursive scan of firefox@getpocket.com
1479978803785	addons.xpi	DEBUG	Updating XPIState for {"id":"webcompat@mozilla.org","syncGUID":"{e10c8442-1d6d-4a81-a66a-9c2ad5b602e5}","location":"app-system-defaults","version":"1.0","type":"extension","internalName":null,"updateURL":null,"updateKey":null,"optionsURL":null,"optionsType":null,"aboutURL":null,"icons":{},"iconURL":null,"icon64URL":null,"defaultLocale":{"name":"Web Compat","description":"Urgent post-release fixes for web compatibility.","creator":null,"homepageURL":null},"visible":true,"active":true,"userDisabled":false,"appDisabled":false,"descriptor":"/usr/lib/firefox/browser/features/webcompat@mozilla.org.xpi","installDate":1479138870000,"updateDate":1479138870000,"applyBackgroundUpdates":1,"bootstrap":true,"skinnable":false,"size":1500,"sourceURI":null,"releaseNotesURI":null,"softDisabled":false,"foreignInstall":false,"hasBinaryComponents":false,"strictCompatibility":false,"locales":[],"targetApplications":[{"id":"{ec8030f7-c20a-464f-9b0e-13a3a9e97384}","minVersion":"50.0","maxVersion":"50.*"}],"targetPlatforms":[],"multiprocessCompatible":false,"seen":true}
1479978803785	addons.xpi	DEBUG	getModTime: Recursive scan of webcompat@mozilla.org
1479978803786	addons.xpi	DEBUG	Updating XPIState for {"id":"{972ce4c6-7e08-4474-a285-3208198ce6fd}","syncGUID":"{abfbd8e9-c5fc-481a-9ea0-3b65d3221829}","location":"app-global","version":"50.0","type":"theme","internalName":"classic/1.0","updateURL":null,"updateKey":null,"optionsURL":null,"optionsType":null,"aboutURL":null,"icons":{"32":"icon.png","48":"icon.png"},"iconURL":null,"icon64URL":null,"defaultLocale":{"name":"Default","description":"The default theme.","creator":"Mozilla","homepageURL":null,"contributors":["Mozilla Contributors"]},"visible":true,"active":true,"userDisabled":false,"appDisabled":false,"descriptor":"/usr/lib/firefox/browser/extensions/{972ce4c6-7e08-4474-a285-3208198ce6fd}.xpi","installDate":1479138870000,"updateDate":1479138870000,"applyBackgroundUpdates":1,"skinnable":true,"size":4926,"sourceURI":null,"releaseNotesURI":null,"softDisabled":false,"foreignInstall":false,"hasBinaryComponents":false,"strictCompatibility":true,"locales":[],"targetApplications":[{"id":"{ec8030f7-c20a-464f-9b0e-13a3a9e97384}","minVersion":"50.0","maxVersion":"50.0"}],"targetPlatforms":[],"seen":true}
1479978803786	addons.xpi	DEBUG	getModTime: Recursive scan of {972ce4c6-7e08-4474-a285-3208198ce6fd}
1479978803788	DeferredSave.extensions.json	DEBUG	Save changes
1479978803788	addons.xpi	DEBUG	Updating database with changes to installed add-ons
1479978803788	addons.xpi-utils	DEBUG	Updating add-on states
1479978803789	addons.xpi-utils	DEBUG	Writing add-ons list
1479978803790	addons.xpi	DEBUG	Registering manifest for /usr/lib/firefox/browser/features/e10srollout@mozilla.org.xpi
1479978803791	addons.xpi	DEBUG	Calling bootstrap method startup on e10srollout@mozilla.org version 1.5
1479978803791	addons.xpi	DEBUG	Registering manifest for /usr/lib/firefox/browser/features/aushelper@mozilla.org.xpi
1479978803791	addons.xpi	DEBUG	Calling bootstrap method startup on aushelper@mozilla.org version 1.0
1479978803792	addons.xpi	DEBUG	Registering manifest for /usr/lib/firefox/browser/features/firefox@getpocket.com.xpi
1479978803793	addons.xpi	DEBUG	Calling bootstrap method startup on firefox@getpocket.com version 1.0.5
1479978803795	addons.xpi	DEBUG	Registering manifest for /usr/lib/firefox/browser/features/webcompat@mozilla.org.xpi
1479978803795	addons.xpi	DEBUG	Calling bootstrap method startup on webcompat@mozilla.org version 1.0
1479978803800	addons.manager	DEBUG	Registering shutdown blocker for XPIProvider
1479978803800	addons.manager	DEBUG	Provider finished startup: XPIProvider
1479978803801	addons.manager	DEBUG	Starting provider: LightweightThemeManager
1479978803801	addons.manager	DEBUG	Registering shutdown blocker for LightweightThemeManager
1479978803801	addons.manager	DEBUG	Provider finished startup: LightweightThemeManager
1479978803802	addons.manager	DEBUG	Starting provider: GMPProvider
1479978803819	addons.manager	DEBUG	Registering shutdown blocker for GMPProvider
1479978803819	addons.manager	DEBUG	Provider finished startup: GMPProvider
1479978803819	addons.manager	DEBUG	Starting provider: PluginProvider
1479978803819	addons.manager	DEBUG	Registering shutdown blocker for PluginProvider
1479978803820	addons.manager	DEBUG	Provider finished startup: PluginProvider
1479978803820	addons.manager	DEBUG	Completed startup sequence
1479978804304	Marionette	INFO	Listening on port 51302
1479978804817	addons.manager	DEBUG	Starting provider: <unnamed-provider>
1479978804817	addons.manager	DEBUG	Registering shutdown blocker for <unnamed-provider>
1479978804818	addons.manager	DEBUG	Provider finished startup: <unnamed-provider>
1479978804854	addons.manager	DEBUG	Starting provider: PreviousExperimentProvider
1479978804854	addons.manager	DEBUG	Registering shutdown blocker for PreviousExperimentProvider
1479978804856	addons.manager	DEBUG	Provider finished startup: PreviousExperimentProvider
1479978804863	DeferredSave.extensions.json	DEBUG	Starting write
1479978805261	DeferredSave.extensions.json	DEBUG	Write succeeded
1479978805261	addons.xpi-utils	DEBUG	XPI Database saved, setting schema version preference to 17
[GFX1]: Unknown image format 16
[GFX1]: Unknown image format 16
[Child 18559] WARNING: pipe error (3): Connection reset by peer: file /build/firefox-KJNrHn/firefox-50.0+build2/ipc/chromium/src/chrome/common/ipc_channel_posix.cc, line 320
[Child 18559] ###!!! ABORT: Aborting on channel error.: file /build/firefox-KJNrHn/firefox-50.0+build2/ipc/glue/MessageChannel.cpp, line 2056
[Child 18559] ###!!! ABORT: Aborting on channel error.: file /build/firefox-KJNrHn/firefox-50.0+build2/ipc/glue/MessageChannel.cpp, line 2056
1479978969615	geckodriver	INFO	Listening on 127.0.0.1:38005
1479978970614	mozprofile::profile	INFO	Using profile path /tmp/rust_mozprofile.DibwE3oMR7qF
1479978970618	geckodriver::marionette	INFO	Starting browser /usr/bin/firefox
1479978970621	geckodriver::marionette	INFO	Connecting to Marionette on localhost:60395

(firefox:18669): GLib-GObject-CRITICAL **: g_object_ref: assertion 'object->ref_count > 0' failed

(firefox:18669): GLib-GObject-CRITICAL **: g_object_unref: assertion 'object->ref_count > 0' failed

(firefox:18669): GLib-GObject-CRITICAL **: g_object_ref: assertion 'object->ref_count > 0' failed

(firefox:18669): GLib-GObject-CRITICAL **: g_object_unref: assertion 'object->ref_count > 0' failed
1479978971109	addons.manager	DEBUG	Application has been upgraded
1479978971136	addons.manager	DEBUG	Loaded provider scope for resource://gre/modules/addons/XPIProvider.jsm: ["XPIProvider"]
1479978971139	addons.manager	DEBUG	Loaded provider scope for resource://gre/modules/LightweightThemeManager.jsm: ["LightweightThemeManager"]
1479978971146	addons.manager	DEBUG	Loaded provider scope for resource://gre/modules/addons/GMPProvider.jsm
1479978971149	addons.manager	DEBUG	Loaded provider scope for resource://gre/modules/addons/PluginProvider.jsm
1479978971150	addons.manager	DEBUG	Starting provider: XPIProvider
1479978971151	addons.xpi	DEBUG	startup
1479978971152	addons.xpi	INFO	SystemAddonInstallLocation directory is missing
1479978971153	addons.xpi	INFO	Mapping e10srollout@mozilla.org to /usr/lib/firefox/browser/features/e10srollout@mozilla.org.xpi
1479978971154	addons.xpi	INFO	Mapping aushelper@mozilla.org to /usr/lib/firefox/browser/features/aushelper@mozilla.org.xpi
1479978971154	addons.xpi	INFO	Mapping firefox@getpocket.com to /usr/lib/firefox/browser/features/firefox@getpocket.com.xpi
1479978971155	addons.xpi	INFO	Mapping webcompat@mozilla.org to /usr/lib/firefox/browser/features/webcompat@mozilla.org.xpi
1479978971156	addons.xpi	INFO	Mapping {972ce4c6-7e08-4474-a285-3208198ce6fd} to /usr/lib/firefox/browser/extensions/{972ce4c6-7e08-4474-a285-3208198ce6fd}.xpi
1479978971157	addons.xpi	DEBUG	checkForChanges
1479978971158	addons.xpi	DEBUG	Loaded add-on state from prefs: {}
1479978971159	addons.xpi	DEBUG	New add-on e10srollout@mozilla.org in app-system-defaults
1479978971160	addons.xpi	DEBUG	getModTime: Recursive scan of e10srollout@mozilla.org
1479978971162	addons.xpi	DEBUG	New add-on aushelper@mozilla.org in app-system-defaults
1479978971162	addons.xpi	DEBUG	getModTime: Recursive scan of aushelper@mozilla.org
1479978971163	addons.xpi	DEBUG	New add-on firefox@getpocket.com in app-system-defaults
1479978971164	addons.xpi	DEBUG	getModTime: Recursive scan of firefox@getpocket.com
1479978971164	addons.xpi	DEBUG	New add-on webcompat@mozilla.org in app-system-defaults
1479978971164	addons.xpi	DEBUG	getModTime: Recursive scan of webcompat@mozilla.org
1479978971165	addons.xpi	DEBUG	New add-on {972ce4c6-7e08-4474-a285-3208198ce6fd} in app-global
1479978971166	addons.xpi	DEBUG	getModTime: Recursive scan of {972ce4c6-7e08-4474-a285-3208198ce6fd}
1479978971167	addons.xpi	DEBUG	getInstallState changed: true, state: {"app-system-defaults":{"e10srollout@mozilla.org":{"d":"/usr/lib/firefox/browser/features/e10srollout@mozilla.org.xpi","st":1479138870000},"aushelper@mozilla.org":{"d":"/usr/lib/firefox/browser/features/aushelper@mozilla.org.xpi","st":1479138870000},"firefox@getpocket.com":{"d":"/usr/lib/firefox/browser/features/firefox@getpocket.com.xpi","st":1479138870000},"webcompat@mozilla.org":{"d":"/usr/lib/firefox/browser/features/webcompat@mozilla.org.xpi","st":1479138870000}},"app-global":{"{972ce4c6-7e08-4474-a285-3208198ce6fd}":{"d":"/usr/lib/firefox/browser/extensions/{972ce4c6-7e08-4474-a285-3208198ce6fd}.xpi","st":1479138870000}}}
1479978971178	addons.xpi-utils	DEBUG	Opening XPI database /tmp/rust_mozprofile.DibwE3oMR7qF/extensions.json
1479978971180	addons.xpi-utils	DEBUG	New add-on e10srollout@mozilla.org installed in app-system-defaults
*** Blocklist::_loadBlocklistFromFile: blocklist is disabled
1479978971194	DeferredSave.extensions.json	DEBUG	Save changes
1479978971195	addons.xpi-utils	DEBUG	New add-on aushelper@mozilla.org installed in app-system-defaults
1479978971199	DeferredSave.extensions.json	DEBUG	Starting timer
1479978971201	DeferredSave.extensions.json	DEBUG	Save changes
1479978971201	addons.xpi-utils	DEBUG	New add-on firefox@getpocket.com installed in app-system-defaults
1479978971212	DeferredSave.extensions.json	DEBUG	Save changes
1479978971213	addons.xpi-utils	DEBUG	New add-on webcompat@mozilla.org installed in app-system-defaults
1479978971220	DeferredSave.extensions.json	DEBUG	Save changes
1479978971222	addons.xpi-utils	DEBUG	New add-on {972ce4c6-7e08-4474-a285-3208198ce6fd} installed in app-global
1479978971228	DeferredSave.extensions.json	DEBUG	Save changes
1479978971229	addons.manager	DEBUG	Registering startup change 'installed' for e10srollout@mozilla.org
1479978971239	addons.xpi	DEBUG	Loading bootstrap scope from /usr/lib/firefox/browser/features/e10srollout@mozilla.org.xpi
1479978971259	addons.xpi	DEBUG	Calling bootstrap method install on e10srollout@mozilla.org version 1.5
1479978971261	addons.xpi-utils	DEBUG	Make addon app-system-defaults:e10srollout@mozilla.org visible
1479978971261	DeferredSave.extensions.json	DEBUG	Save changes
1479978971261	addons.manager	DEBUG	Registering startup change 'installed' for aushelper@mozilla.org
1479978971262	addons.xpi	DEBUG	Loading bootstrap scope from /usr/lib/firefox/browser/features/aushelper@mozilla.org.xpi
1479978971267	addons.xpi	DEBUG	Calling bootstrap method install on aushelper@mozilla.org version 1.0
1479978971267	addons.xpi-utils	DEBUG	Make addon app-system-defaults:aushelper@mozilla.org visible
1479978971270	DeferredSave.extensions.json	DEBUG	Save changes
1479978971270	addons.manager	DEBUG	Registering startup change 'installed' for firefox@getpocket.com
1479978971272	addons.xpi	DEBUG	Loading bootstrap scope from /usr/lib/firefox/browser/features/firefox@getpocket.com.xpi
1479978971279	addons.xpi	DEBUG	Calling bootstrap method install on firefox@getpocket.com version 1.0.5
1479978971279	addons.xpi-utils	DEBUG	Make addon app-system-defaults:firefox@getpocket.com visible
1479978971280	DeferredSave.extensions.json	DEBUG	Save changes
1479978971280	addons.manager	DEBUG	Registering startup change 'installed' for webcompat@mozilla.org
1479978971281	addons.xpi	DEBUG	Loading bootstrap scope from /usr/lib/firefox/browser/features/webcompat@mozilla.org.xpi
1479978971283	addons.xpi	DEBUG	Calling bootstrap method install on webcompat@mozilla.org version 1.0
1479978971283	addons.xpi-utils	DEBUG	Make addon app-system-defaults:webcompat@mozilla.org visible
1479978971284	DeferredSave.extensions.json	DEBUG	Save changes
1479978971284	addons.xpi-utils	DEBUG	Make addon app-global:{972ce4c6-7e08-4474-a285-3208198ce6fd} visible
1479978971285	DeferredSave.extensions.json	DEBUG	Save changes
1479978971285	addons.xpi	DEBUG	Updating XPIState for {"id":"e10srollout@mozilla.org","syncGUID":"{adc094c8-fbcd-4918-8759-aa0a6cc146eb}","location":"app-system-defaults","version":"1.5","type":"extension","internalName":null,"updateURL":null,"updateKey":null,"optionsURL":null,"optionsType":null,"aboutURL":null,"icons":{},"iconURL":null,"icon64URL":null,"defaultLocale":{"name":"Multi-process staged rollout","description":"Staged rollout of Firefox multi-process feature.","creator":null,"homepageURL":null},"visible":true,"active":true,"userDisabled":false,"appDisabled":false,"descriptor":"/usr/lib/firefox/browser/features/e10srollout@mozilla.org.xpi","installDate":1479138870000,"updateDate":1479138870000,"applyBackgroundUpdates":1,"bootstrap":true,"skinnable":false,"size":7208,"sourceURI":null,"releaseNotesURI":null,"softDisabled":false,"foreignInstall":false,"hasBinaryComponents":false,"strictCompatibility":false,"locales":[],"targetApplications":[{"id":"{ec8030f7-c20a-464f-9b0e-13a3a9e97384}","minVersion":"50.0","maxVersion":"50.*"}],"targetPlatforms":[],"multiprocessCompatible":false,"seen":true}
1479978971285	addons.xpi	DEBUG	getModTime: Recursive scan of e10srollout@mozilla.org
1479978971286	addons.xpi	DEBUG	Updating XPIState for {"id":"aushelper@mozilla.org","syncGUID":"{35b2c407-0241-4b3c-a403-5163632a6513}","location":"app-system-defaults","version":"1.0","type":"extension","internalName":null,"updateURL":null,"updateKey":null,"optionsURL":null,"optionsType":null,"aboutURL":null,"icons":{},"iconURL":null,"icon64URL":null,"defaultLocale":{"name":"Application Update Service Helper","description":"Sets value(s) in the update url based on custom checks.","creator":null,"homepageURL":null},"visible":true,"active":true,"userDisabled":false,"appDisabled":false,"descriptor":"/usr/lib/firefox/browser/features/aushelper@mozilla.org.xpi","installDate":1479138870000,"updateDate":1479138870000,"applyBackgroundUpdates":1,"bootstrap":true,"skinnable":false,"size":5973,"sourceURI":null,"releaseNotesURI":null,"softDisabled":false,"foreignInstall":false,"hasBinaryComponents":false,"strictCompatibility":false,"locales":[],"targetApplications":[{"id":"{ec8030f7-c20a-464f-9b0e-13a3a9e97384}","minVersion":"50.0","maxVersion":"50.*"}],"targetPlatforms":[],"multiprocessCompatible":true,"seen":true}
1479978971286	addons.xpi	DEBUG	getModTime: Recursive scan of aushelper@mozilla.org
1479978971287	addons.xpi	DEBUG	Updating XPIState for {"id":"firefox@getpocket.com","syncGUID":"{4018df17-48de-4897-95f8-60ef4840a277}","location":"app-system-defaults","version":"1.0.5","type":"extension","internalName":null,"updateURL":null,"updateKey":null,"optionsURL":null,"optionsType":null,"aboutURL":null,"icons":{},"iconURL":null,"icon64URL":null,"defaultLocale":{"name":"Pocket","description":"When you find something you want to view later, put it in Pocket.","creator":null,"homepageURL":null},"visible":true,"active":true,"userDisabled":false,"appDisabled":false,"descriptor":"/usr/lib/firefox/browser/features/firefox@getpocket.com.xpi","installDate":1479138870000,"updateDate":1479138870000,"applyBackgroundUpdates":1,"bootstrap":true,"skinnable":false,"size":916880,"sourceURI":null,"releaseNotesURI":null,"softDisabled":false,"foreignInstall":false,"hasBinaryComponents":false,"strictCompatibility":false,"locales":[],"targetApplications":[{"id":"{ec8030f7-c20a-464f-9b0e-13a3a9e97384}","minVersion":"50.0","maxVersion":"50.*"}],"targetPlatforms":[],"multiprocessCompatible":false,"seen":true}
1479978971287	addons.xpi	DEBUG	getModTime: Recursive scan of firefox@getpocket.com
1479978971288	addons.xpi	DEBUG	Updating XPIState for {"id":"webcompat@mozilla.org","syncGUID":"{0f56553d-b2ba-4244-acd7-3c5b8c4794f3}","location":"app-system-defaults","version":"1.0","type":"extension","internalName":null,"updateURL":null,"updateKey":null,"optionsURL":null,"optionsType":null,"aboutURL":null,"icons":{},"iconURL":null,"icon64URL":null,"defaultLocale":{"name":"Web Compat","description":"Urgent post-release fixes for web compatibility.","creator":null,"homepageURL":null},"visible":true,"active":true,"userDisabled":false,"appDisabled":false,"descriptor":"/usr/lib/firefox/browser/features/webcompat@mozilla.org.xpi","installDate":1479138870000,"updateDate":1479138870000,"applyBackgroundUpdates":1,"bootstrap":true,"skinnable":false,"size":1500,"sourceURI":null,"releaseNotesURI":null,"softDisabled":false,"foreignInstall":false,"hasBinaryComponents":false,"strictCompatibility":false,"locales":[],"targetApplications":[{"id":"{ec8030f7-c20a-464f-9b0e-13a3a9e97384}","minVersion":"50.0","maxVersion":"50.*"}],"targetPlatforms":[],"multiprocessCompatible":false,"seen":true}
1479978971288	addons.xpi	DEBUG	getModTime: Recursive scan of webcompat@mozilla.org
1479978971288	addons.xpi	DEBUG	Updating XPIState for {"id":"{972ce4c6-7e08-4474-a285-3208198ce6fd}","syncGUID":"{e4d7be63-4b15-4213-b7ab-d3cc06164cd1}","location":"app-global","version":"50.0","type":"theme","internalName":"classic/1.0","updateURL":null,"updateKey":null,"optionsURL":null,"optionsType":null,"aboutURL":null,"icons":{"32":"icon.png","48":"icon.png"},"iconURL":null,"icon64URL":null,"defaultLocale":{"name":"Default","description":"The default theme.","creator":"Mozilla","homepageURL":null,"contributors":["Mozilla Contributors"]},"visible":true,"active":true,"userDisabled":false,"appDisabled":false,"descriptor":"/usr/lib/firefox/browser/extensions/{972ce4c6-7e08-4474-a285-3208198ce6fd}.xpi","installDate":1479138870000,"updateDate":1479138870000,"applyBackgroundUpdates":1,"skinnable":true,"size":4926,"sourceURI":null,"releaseNotesURI":null,"softDisabled":false,"foreignInstall":false,"hasBinaryComponents":false,"strictCompatibility":true,"locales":[],"targetApplications":[{"id":"{ec8030f7-c20a-464f-9b0e-13a3a9e97384}","minVersion":"50.0","maxVersion":"50.0"}],"targetPlatforms":[],"seen":true}
1479978971289	addons.xpi	DEBUG	getModTime: Recursive scan of {972ce4c6-7e08-4474-a285-3208198ce6fd}
1479978971291	DeferredSave.extensions.json	DEBUG	Save changes
1479978971291	addons.xpi	DEBUG	Updating database with changes to installed add-ons
1479978971291	addons.xpi-utils	DEBUG	Updating add-on states
1479978971292	addons.xpi-utils	DEBUG	Writing add-ons list
1479978971293	addons.xpi	DEBUG	Registering manifest for /usr/lib/firefox/browser/features/e10srollout@mozilla.org.xpi
1479978971294	addons.xpi	DEBUG	Calling bootstrap method startup on e10srollout@mozilla.org version 1.5
1479978971294	addons.xpi	DEBUG	Registering manifest for /usr/lib/firefox/browser/features/aushelper@mozilla.org.xpi
1479978971295	addons.xpi	DEBUG	Calling bootstrap method startup on aushelper@mozilla.org version 1.0
1479978971295	addons.xpi	DEBUG	Registering manifest for /usr/lib/firefox/browser/features/firefox@getpocket.com.xpi
1479978971296	addons.xpi	DEBUG	Calling bootstrap method startup on firefox@getpocket.com version 1.0.5
1479978971299	addons.xpi	DEBUG	Registering manifest for /usr/lib/firefox/browser/features/webcompat@mozilla.org.xpi
1479978971299	addons.xpi	DEBUG	Calling bootstrap method startup on webcompat@mozilla.org version 1.0
1479978971303	addons.manager	DEBUG	Registering shutdown blocker for XPIProvider
1479978971303	addons.manager	DEBUG	Provider finished startup: XPIProvider
1479978971303	addons.manager	DEBUG	Starting provider: LightweightThemeManager
1479978971303	addons.manager	DEBUG	Registering shutdown blocker for LightweightThemeManager
1479978971304	addons.manager	DEBUG	Provider finished startup: LightweightThemeManager
1479978971304	addons.manager	DEBUG	Starting provider: GMPProvider
1479978971316	addons.manager	DEBUG	Registering shutdown blocker for GMPProvider
1479978971316	addons.manager	DEBUG	Provider finished startup: GMPProvider
1479978971316	addons.manager	DEBUG	Starting provider: PluginProvider
1479978971316	addons.manager	DEBUG	Registering shutdown blocker for PluginProvider
1479978971317	addons.manager	DEBUG	Provider finished startup: PluginProvider
1479978971317	addons.manager	DEBUG	Completed startup sequence
1479978971790	Marionette	INFO	Listening on port 60395
1479978972419	addons.manager	DEBUG	Starting provider: <unnamed-provider>
1479978972419	addons.manager	DEBUG	Registering shutdown blocker for <unnamed-provider>
1479978972420	addons.manager	DEBUG	Provider finished startup: <unnamed-provider>
1479978972443	addons.manager	DEBUG	Starting provider: PreviousExperimentProvider
1479978972443	addons.manager	DEBUG	Registering shutdown blocker for PreviousExperimentProvider
1479978972445	addons.manager	DEBUG	Provider finished startup: PreviousExperimentProvider
1479978972451	DeferredSave.extensions.json	DEBUG	Starting write
1479978972651	DeferredSave.extensions.json	DEBUG	Write succeeded
1479978972652	addons.xpi-utils	DEBUG	XPI Database saved, setting schema version preference to 17
[GFX1]: Unknown image format 16
[GFX1]: Unknown image format 16
[GFX1]: Unknown image format 16
[GFX1]: Unknown image format 16
[GFX1]: Unknown image format 16
[GFX1]: Unknown image format 16
[GFX1]: Unknown image format 16
[GFX1]: Unknown image format 16

(/usr/lib/firefox/plugin-container:18726): GLib-GObject-CRITICAL **: g_object_ref: assertion 'object->ref_count > 0' failed

(/usr/lib/firefox/plugin-container:18726): GLib-GObject-CRITICAL **: g_object_unref: assertion 'object->ref_count > 0' failed

(/usr/lib/firefox/plugin-container:18726): GLib-GObject-CRITICAL **: g_object_ref: assertion 'object->ref_count > 0' failed

(/usr/lib/firefox/plugin-container:18726): GLib-GObject-CRITICAL **: g_object_unref: assertion 'object->ref_count > 0' failed
[GFX1]: Unknown image format 16
[GFX1]: Unknown image format 16
[GFX1]: Unknown image format 16
[GFX1]: Unknown image format 16
[GFX1]: Unknown image format 16
[GFX1]: Unknown image format 16
[GFX1]: Unknown image format 16
[GFX1]: Unknown image format 16
[GFX1]: Unknown image format 16
[GFX1]: Unknown image format 16
[GFX1]: Unknown image format 16
[GFX1]: Unknown image format 16
[GFX1]: Unknown image format 16
[GFX1]: Unknown image format 16
[GFX1]: Unknown image format 16
[GFX1]: Unknown image format 16
[GFX1]: Unknown image format 16
[GFX1]: Unknown image format 16
[GFX1]: Unknown image format 16
[GFX1]: Unknown image format 16
[GFX1]: Unknown image format 16
[GFX1]: Unknown image format 16
[GFX1]: Unknown image format 16
[GFX1]: Unknown image format 16
[GFX1]: Unknown image format 16
[GFX1]: Unknown image format 16
[GFX1]: Unknown image format 16
[GFX1]: Unknown image format 16
[GFX1]: Unknown image format 16
[GFX1]: Unknown image format 16
[GFX1]: Unknown image format 16
[GFX1]: Unknown image format 16
[GFX1]: Unknown image format 16
[GFX1]: Unknown image format 16
[GFX1]: Unknown image format 16
[GFX1]: Unknown image format 16
[GFX1]: Unknown image format 16
[GFX1]: Unknown image format 16
[GFX1]: Unknown image format 16
[GFX1]: Unknown image format 16
[GFX1]: Unknown image format 16
[GFX1]: Unknown image format 16
[GFX1]: Unknown image format 16
[GFX1]: Unknown image format 16
[GFX1]: Unknown image format 16
[GFX1]: Unknown image format 16
[GFX1]: Unknown image format 16
[GFX1]: Unknown image format 16
[GFX1]: Unknown image format 16
[GFX1]: Unknown image format 16
[GFX1]: Unknown image format 16
[GFX1]: Unknown image format 16
[GFX1]: Unknown image format 16
[GFX1]: Unknown image format 16
[GFX1]: Unknown image format 16
[GFX1]: Unknown image format 16
[GFX1]: Unknown image format 16
[GFX1]: Unknown image format 16
[GFX1]: Unknown image format 16
[GFX1]: Unknown image format 16
[GFX1]: Unknown image format 16
[GFX1]: Unknown image format 16
[GFX1]: Unknown image format 16
[GFX1]: Unknown image format 16
[GFX1]: Unknown image format 16
[GFX1]: Unknown image format 16
[GFX1]: Unknown image format 16
[GFX1]: Unknown image format 16
[GFX1]: Unknown image format 16
[GFX1]: Unknown image format 16
[GFX1]: Unknown image format 16
[GFX1]: Unknown image format 16
[GFX1]: Unknown image format 16
[GFX1]: Unknown image format 16
[GFX1]: Unknown image format 16
[GFX1]: Unknown image format 16
[GFX1]: Unknown image format 16
[GFX1]: Unknown image format 16
[GFX1]: Unknown image format 16
[GFX1]: Unknown image format 16
[GFX1]: Unknown image format 16
[GFX1]: Unknown image format 16
[GFX1]: Unknown image format 16
[GFX1]: Unknown image format 16
[GFX1]: Unknown image format 16

(firefox:18669): GLib-GObject-CRITICAL **: g_type_add_interface_static: assertion 'g_type_parent (interface_type) == G_TYPE_INTERFACE' failed

(firefox:18669): GLib-GObject-CRITICAL **: g_type_add_interface_static: assertion 'g_type_parent (interface_type) == G_TYPE_INTERFACE' failed

(firefox:18669): GLib-GObject-CRITICAL **: g_type_add_interface_static: assertion 'g_type_parent (interface_type) == G_TYPE_INTERFACE' failed
[GFX1]: Unknown image format 16
[GFX1]: Unknown image format 16
[GFX1]: Unknown image format 16
JavaScript error: , line 0: TypeError: NetworkError when attempting to fetch resource.
[Child 18726] WARNING: pipe error (3): Connection reset by peer: file /build/firefox-KJNrHn/firefox-50.0+build2/ipc/chromium/src/chrome/common/ipc_channel_posix.cc, line 320
[Child 18726] ###!!! ABORT: Aborting on channel error.: file /build/firefox-KJNrHn/firefox-50.0+build2/ipc/glue/MessageChannel.cpp, line 2056
[Child 18726] ###!!! ABORT: Aborting on channel error.: file /build/firefox-KJNrHn/firefox-50.0+build2/ipc/glue/MessageChannel.cpp, line 2056
1479979500878	geckodriver	INFO	Listening on 127.0.0.1:39893
1479979501878	mozprofile::profile	INFO	Using profile path /tmp/rust_mozprofile.hx5xs4M7xqBD
1479979501880	geckodriver::marionette	INFO	Starting browser /usr/bin/firefox
1479979501884	geckodriver::marionette	INFO	Connecting to Marionette on localhost:38677

(firefox:18864): GLib-GObject-CRITICAL **: g_object_ref: assertion 'object->ref_count > 0' failed

(firefox:18864): GLib-GObject-CRITICAL **: g_object_unref: assertion 'object->ref_count > 0' failed

(firefox:18864): GLib-GObject-CRITICAL **: g_object_ref: assertion 'object->ref_count > 0' failed

(firefox:18864): GLib-GObject-CRITICAL **: g_object_unref: assertion 'object->ref_count > 0' failed
1479979502290	addons.manager	DEBUG	Application has been upgraded
1479979502319	addons.manager	DEBUG	Loaded provider scope for resource://gre/modules/addons/XPIProvider.jsm: ["XPIProvider"]
1479979502322	addons.manager	DEBUG	Loaded provider scope for resource://gre/modules/LightweightThemeManager.jsm: ["LightweightThemeManager"]
1479979502330	addons.manager	DEBUG	Loaded provider scope for resource://gre/modules/addons/GMPProvider.jsm
1479979502333	addons.manager	DEBUG	Loaded provider scope for resource://gre/modules/addons/PluginProvider.jsm
1479979502335	addons.manager	DEBUG	Starting provider: XPIProvider
1479979502335	addons.xpi	DEBUG	startup
1479979502336	addons.xpi	INFO	SystemAddonInstallLocation directory is missing
1479979502338	addons.xpi	INFO	Mapping e10srollout@mozilla.org to /usr/lib/firefox/browser/features/e10srollout@mozilla.org.xpi
1479979502338	addons.xpi	INFO	Mapping aushelper@mozilla.org to /usr/lib/firefox/browser/features/aushelper@mozilla.org.xpi
1479979502339	addons.xpi	INFO	Mapping firefox@getpocket.com to /usr/lib/firefox/browser/features/firefox@getpocket.com.xpi
1479979502339	addons.xpi	INFO	Mapping webcompat@mozilla.org to /usr/lib/firefox/browser/features/webcompat@mozilla.org.xpi
1479979502340	addons.xpi	INFO	Mapping {972ce4c6-7e08-4474-a285-3208198ce6fd} to /usr/lib/firefox/browser/extensions/{972ce4c6-7e08-4474-a285-3208198ce6fd}.xpi
1479979502341	addons.xpi	DEBUG	checkForChanges
1479979502342	addons.xpi	DEBUG	Loaded add-on state from prefs: {}
1479979502344	addons.xpi	DEBUG	New add-on e10srollout@mozilla.org in app-system-defaults
1479979502345	addons.xpi	DEBUG	getModTime: Recursive scan of e10srollout@mozilla.org
1479979502346	addons.xpi	DEBUG	New add-on aushelper@mozilla.org in app-system-defaults
1479979502347	addons.xpi	DEBUG	getModTime: Recursive scan of aushelper@mozilla.org
1479979502347	addons.xpi	DEBUG	New add-on firefox@getpocket.com in app-system-defaults
1479979502348	addons.xpi	DEBUG	getModTime: Recursive scan of firefox@getpocket.com
1479979502349	addons.xpi	DEBUG	New add-on webcompat@mozilla.org in app-system-defaults
1479979502349	addons.xpi	DEBUG	getModTime: Recursive scan of webcompat@mozilla.org
1479979502350	addons.xpi	DEBUG	New add-on {972ce4c6-7e08-4474-a285-3208198ce6fd} in app-global
1479979502350	addons.xpi	DEBUG	getModTime: Recursive scan of {972ce4c6-7e08-4474-a285-3208198ce6fd}
1479979502351	addons.xpi	DEBUG	getInstallState changed: true, state: {"app-system-defaults":{"e10srollout@mozilla.org":{"d":"/usr/lib/firefox/browser/features/e10srollout@mozilla.org.xpi","st":1479138870000},"aushelper@mozilla.org":{"d":"/usr/lib/firefox/browser/features/aushelper@mozilla.org.xpi","st":1479138870000},"firefox@getpocket.com":{"d":"/usr/lib/firefox/browser/features/firefox@getpocket.com.xpi","st":1479138870000},"webcompat@mozilla.org":{"d":"/usr/lib/firefox/browser/features/webcompat@mozilla.org.xpi","st":1479138870000}},"app-global":{"{972ce4c6-7e08-4474-a285-3208198ce6fd}":{"d":"/usr/lib/firefox/browser/extensions/{972ce4c6-7e08-4474-a285-3208198ce6fd}.xpi","st":1479138870000}}}
1479979502363	addons.xpi-utils	DEBUG	Opening XPI database /tmp/rust_mozprofile.hx5xs4M7xqBD/extensions.json
1479979502365	addons.xpi-utils	DEBUG	New add-on e10srollout@mozilla.org installed in app-system-defaults
*** Blocklist::_loadBlocklistFromFile: blocklist is disabled
1479979502381	DeferredSave.extensions.json	DEBUG	Save changes
1479979502382	addons.xpi-utils	DEBUG	New add-on aushelper@mozilla.org installed in app-system-defaults
1479979502386	DeferredSave.extensions.json	DEBUG	Starting timer
1479979502388	DeferredSave.extensions.json	DEBUG	Save changes
1479979502388	addons.xpi-utils	DEBUG	New add-on firefox@getpocket.com installed in app-system-defaults
1479979502399	DeferredSave.extensions.json	DEBUG	Save changes
1479979502399	addons.xpi-utils	DEBUG	New add-on webcompat@mozilla.org installed in app-system-defaults
1479979502406	DeferredSave.extensions.json	DEBUG	Save changes
1479979502407	addons.xpi-utils	DEBUG	New add-on {972ce4c6-7e08-4474-a285-3208198ce6fd} installed in app-global
1479979502413	DeferredSave.extensions.json	DEBUG	Save changes
1479979502414	addons.manager	DEBUG	Registering startup change 'installed' for e10srollout@mozilla.org
1479979502424	addons.xpi	DEBUG	Loading bootstrap scope from /usr/lib/firefox/browser/features/e10srollout@mozilla.org.xpi
1479979502443	addons.xpi	DEBUG	Calling bootstrap method install on e10srollout@mozilla.org version 1.5
1479979502445	addons.xpi-utils	DEBUG	Make addon app-system-defaults:e10srollout@mozilla.org visible
1479979502446	DeferredSave.extensions.json	DEBUG	Save changes
1479979502446	addons.manager	DEBUG	Registering startup change 'installed' for aushelper@mozilla.org
1479979502447	addons.xpi	DEBUG	Loading bootstrap scope from /usr/lib/firefox/browser/features/aushelper@mozilla.org.xpi
1479979502452	addons.xpi	DEBUG	Calling bootstrap method install on aushelper@mozilla.org version 1.0
1479979502452	addons.xpi-utils	DEBUG	Make addon app-system-defaults:aushelper@mozilla.org visible
1479979502454	DeferredSave.extensions.json	DEBUG	Save changes
1479979502454	addons.manager	DEBUG	Registering startup change 'installed' for firefox@getpocket.com
1479979502455	addons.xpi	DEBUG	Loading bootstrap scope from /usr/lib/firefox/browser/features/firefox@getpocket.com.xpi
1479979502461	addons.xpi	DEBUG	Calling bootstrap method install on firefox@getpocket.com version 1.0.5
1479979502462	addons.xpi-utils	DEBUG	Make addon app-system-defaults:firefox@getpocket.com visible
1479979502462	DeferredSave.extensions.json	DEBUG	Save changes
1479979502462	addons.manager	DEBUG	Registering startup change 'installed' for webcompat@mozilla.org
1479979502463	addons.xpi	DEBUG	Loading bootstrap scope from /usr/lib/firefox/browser/features/webcompat@mozilla.org.xpi
1479979502465	addons.xpi	DEBUG	Calling bootstrap method install on webcompat@mozilla.org version 1.0
1479979502466	addons.xpi-utils	DEBUG	Make addon app-system-defaults:webcompat@mozilla.org visible
1479979502466	DeferredSave.extensions.json	DEBUG	Save changes
1479979502466	addons.xpi-utils	DEBUG	Make addon app-global:{972ce4c6-7e08-4474-a285-3208198ce6fd} visible
1479979502467	DeferredSave.extensions.json	DEBUG	Save changes
1479979502468	addons.xpi	DEBUG	Updating XPIState for {"id":"e10srollout@mozilla.org","syncGUID":"{7d098115-a1d9-4699-a30e-9c3210b47531}","location":"app-system-defaults","version":"1.5","type":"extension","internalName":null,"updateURL":null,"updateKey":null,"optionsURL":null,"optionsType":null,"aboutURL":null,"icons":{},"iconURL":null,"icon64URL":null,"defaultLocale":{"name":"Multi-process staged rollout","description":"Staged rollout of Firefox multi-process feature.","creator":null,"homepageURL":null},"visible":true,"active":true,"userDisabled":false,"appDisabled":false,"descriptor":"/usr/lib/firefox/browser/features/e10srollout@mozilla.org.xpi","installDate":1479138870000,"updateDate":1479138870000,"applyBackgroundUpdates":1,"bootstrap":true,"skinnable":false,"size":7208,"sourceURI":null,"releaseNotesURI":null,"softDisabled":false,"foreignInstall":false,"hasBinaryComponents":false,"strictCompatibility":false,"locales":[],"targetApplications":[{"id":"{ec8030f7-c20a-464f-9b0e-13a3a9e97384}","minVersion":"50.0","maxVersion":"50.*"}],"targetPlatforms":[],"multiprocessCompatible":false,"seen":true}
1479979502468	addons.xpi	DEBUG	getModTime: Recursive scan of e10srollout@mozilla.org
1479979502469	addons.xpi	DEBUG	Updating XPIState for {"id":"aushelper@mozilla.org","syncGUID":"{6eab1190-b71b-4697-b39b-01f2146eaa5d}","location":"app-system-defaults","version":"1.0","type":"extension","internalName":null,"updateURL":null,"updateKey":null,"optionsURL":null,"optionsType":null,"aboutURL":null,"icons":{},"iconURL":null,"icon64URL":null,"defaultLocale":{"name":"Application Update Service Helper","description":"Sets value(s) in the update url based on custom checks.","creator":null,"homepageURL":null},"visible":true,"active":true,"userDisabled":false,"appDisabled":false,"descriptor":"/usr/lib/firefox/browser/features/aushelper@mozilla.org.xpi","installDate":1479138870000,"updateDate":1479138870000,"applyBackgroundUpdates":1,"bootstrap":true,"skinnable":false,"size":5973,"sourceURI":null,"releaseNotesURI":null,"softDisabled":false,"foreignInstall":false,"hasBinaryComponents":false,"strictCompatibility":false,"locales":[],"targetApplications":[{"id":"{ec8030f7-c20a-464f-9b0e-13a3a9e97384}","minVersion":"50.0","maxVersion":"50.*"}],"targetPlatforms":[],"multiprocessCompatible":true,"seen":true}
1479979502469	addons.xpi	DEBUG	getModTime: Recursive scan of aushelper@mozilla.org
1479979502469	addons.xpi	DEBUG	Updating XPIState for {"id":"firefox@getpocket.com","syncGUID":"{7439830c-4491-4638-8e52-36c7330a05d6}","location":"app-system-defaults","version":"1.0.5","type":"extension","internalName":null,"updateURL":null,"updateKey":null,"optionsURL":null,"optionsType":null,"aboutURL":null,"icons":{},"iconURL":null,"icon64URL":null,"defaultLocale":{"name":"Pocket","description":"When you find something you want to view later, put it in Pocket.","creator":null,"homepageURL":null},"visible":true,"active":true,"userDisabled":false,"appDisabled":false,"descriptor":"/usr/lib/firefox/browser/features/firefox@getpocket.com.xpi","installDate":1479138870000,"updateDate":1479138870000,"applyBackgroundUpdates":1,"bootstrap":true,"skinnable":false,"size":916880,"sourceURI":null,"releaseNotesURI":null,"softDisabled":false,"foreignInstall":false,"hasBinaryComponents":false,"strictCompatibility":false,"locales":[],"targetApplications":[{"id":"{ec8030f7-c20a-464f-9b0e-13a3a9e97384}","minVersion":"50.0","maxVersion":"50.*"}],"targetPlatforms":[],"multiprocessCompatible":false,"seen":true}
1479979502469	addons.xpi	DEBUG	getModTime: Recursive scan of firefox@getpocket.com
1479979502470	addons.xpi	DEBUG	Updating XPIState for {"id":"webcompat@mozilla.org","syncGUID":"{5183117f-e44d-4561-8857-afcce23733dc}","location":"app-system-defaults","version":"1.0","type":"extension","internalName":null,"updateURL":null,"updateKey":null,"optionsURL":null,"optionsType":null,"aboutURL":null,"icons":{},"iconURL":null,"icon64URL":null,"defaultLocale":{"name":"Web Compat","description":"Urgent post-release fixes for web compatibility.","creator":null,"homepageURL":null},"visible":true,"active":true,"userDisabled":false,"appDisabled":false,"descriptor":"/usr/lib/firefox/browser/features/webcompat@mozilla.org.xpi","installDate":1479138870000,"updateDate":1479138870000,"applyBackgroundUpdates":1,"bootstrap":true,"skinnable":false,"size":1500,"sourceURI":null,"releaseNotesURI":null,"softDisabled":false,"foreignInstall":false,"hasBinaryComponents":false,"strictCompatibility":false,"locales":[],"targetApplications":[{"id":"{ec8030f7-c20a-464f-9b0e-13a3a9e97384}","minVersion":"50.0","maxVersion":"50.*"}],"targetPlatforms":[],"multiprocessCompatible":false,"seen":true}
1479979502470	addons.xpi	DEBUG	getModTime: Recursive scan of webcompat@mozilla.org
1479979502471	addons.xpi	DEBUG	Updating XPIState for {"id":"{972ce4c6-7e08-4474-a285-3208198ce6fd}","syncGUID":"{7043f4c1-bf17-4020-a1bc-caa1dabc06af}","location":"app-global","version":"50.0","type":"theme","internalName":"classic/1.0","updateURL":null,"updateKey":null,"optionsURL":null,"optionsType":null,"aboutURL":null,"icons":{"32":"icon.png","48":"icon.png"},"iconURL":null,"icon64URL":null,"defaultLocale":{"name":"Default","description":"The default theme.","creator":"Mozilla","homepageURL":null,"contributors":["Mozilla Contributors"]},"visible":true,"active":true,"userDisabled":false,"appDisabled":false,"descriptor":"/usr/lib/firefox/browser/extensions/{972ce4c6-7e08-4474-a285-3208198ce6fd}.xpi","installDate":1479138870000,"updateDate":1479138870000,"applyBackgroundUpdates":1,"skinnable":true,"size":4926,"sourceURI":null,"releaseNotesURI":null,"softDisabled":false,"foreignInstall":false,"hasBinaryComponents":false,"strictCompatibility":true,"locales":[],"targetApplications":[{"id":"{ec8030f7-c20a-464f-9b0e-13a3a9e97384}","minVersion":"50.0","maxVersion":"50.0"}],"targetPlatforms":[],"seen":true}
1479979502471	addons.xpi	DEBUG	getModTime: Recursive scan of {972ce4c6-7e08-4474-a285-3208198ce6fd}
1479979502473	DeferredSave.extensions.json	DEBUG	Save changes
1479979502473	addons.xpi	DEBUG	Updating database with changes to installed add-ons
1479979502473	addons.xpi-utils	DEBUG	Updating add-on states
1479979502474	addons.xpi-utils	DEBUG	Writing add-ons list
1479979502475	addons.xpi	DEBUG	Registering manifest for /usr/lib/firefox/browser/features/e10srollout@mozilla.org.xpi
1479979502476	addons.xpi	DEBUG	Calling bootstrap method startup on e10srollout@mozilla.org version 1.5
1479979502476	addons.xpi	DEBUG	Registering manifest for /usr/lib/firefox/browser/features/aushelper@mozilla.org.xpi
1479979502477	addons.xpi	DEBUG	Calling bootstrap method startup on aushelper@mozilla.org version 1.0
1479979502477	addons.xpi	DEBUG	Registering manifest for /usr/lib/firefox/browser/features/firefox@getpocket.com.xpi
1479979502478	addons.xpi	DEBUG	Calling bootstrap method startup on firefox@getpocket.com version 1.0.5
1479979502481	addons.xpi	DEBUG	Registering manifest for /usr/lib/firefox/browser/features/webcompat@mozilla.org.xpi
1479979502481	addons.xpi	DEBUG	Calling bootstrap method startup on webcompat@mozilla.org version 1.0
1479979502485	addons.manager	DEBUG	Registering shutdown blocker for XPIProvider
1479979502485	addons.manager	DEBUG	Provider finished startup: XPIProvider
1479979502485	addons.manager	DEBUG	Starting provider: LightweightThemeManager
1479979502485	addons.manager	DEBUG	Registering shutdown blocker for LightweightThemeManager
1479979502486	addons.manager	DEBUG	Provider finished startup: LightweightThemeManager
1479979502486	addons.manager	DEBUG	Starting provider: GMPProvider
1479979502498	addons.manager	DEBUG	Registering shutdown blocker for GMPProvider
1479979502498	addons.manager	DEBUG	Provider finished startup: GMPProvider
1479979502498	addons.manager	DEBUG	Starting provider: PluginProvider
1479979502499	addons.manager	DEBUG	Registering shutdown blocker for PluginProvider
1479979502499	addons.manager	DEBUG	Provider finished startup: PluginProvider
1479979502499	addons.manager	DEBUG	Completed startup sequence
1479979502760	Marionette	INFO	Listening on port 38677
1479979503112	addons.manager	DEBUG	Starting provider: <unnamed-provider>
1479979503112	addons.manager	DEBUG	Registering shutdown blocker for <unnamed-provider>
1479979503112	addons.manager	DEBUG	Provider finished startup: <unnamed-provider>
1479979503137	addons.manager	DEBUG	Starting provider: PreviousExperimentProvider
1479979503137	addons.manager	DEBUG	Registering shutdown blocker for PreviousExperimentProvider
1479979503139	addons.manager	DEBUG	Provider finished startup: PreviousExperimentProvider
1479979503145	DeferredSave.extensions.json	DEBUG	Starting write
1479979503406	DeferredSave.extensions.json	DEBUG	Write succeeded
1479979503407	addons.xpi-utils	DEBUG	XPI Database saved, setting schema version preference to 17
[GFX1]: Unknown image format 16

(/usr/lib/firefox/plugin-container:18921): GLib-GObject-CRITICAL **: g_object_ref: assertion 'object->ref_count > 0' failed

(/usr/lib/firefox/plugin-container:18921): GLib-GObject-CRITICAL **: g_object_unref: assertion 'object->ref_count > 0' failed

(/usr/lib/firefox/plugin-container:18921): GLib-GObject-CRITICAL **: g_object_ref: assertion 'object->ref_count > 0' failed

(/usr/lib/firefox/plugin-container:18921): GLib-GObject-CRITICAL **: g_object_unref: assertion 'object->ref_count > 0' failed
[GFX1]: Unknown image format 16
[GFX1]: Unknown image format 16
[GFX1]: Unknown image format 16
[GFX1]: Unknown image format 16
[GFX1]: Unknown image format 16
[GFX1]: Unknown image format 16
[GFX1]: Unknown image format 16
[GFX1]: Unknown image format 16
[GFX1]: Unknown image format 16
[GFX1]: Unknown image format 16
[GFX1]: Unknown image format 16
[GFX1]: Unknown image format 16
[GFX1]: Unknown image format 16
[GFX1]: Unknown image format 16
[GFX1]: Unknown image format 16
[GFX1]: Unknown image format 16
[GFX1]: Unknown image format 16
[GFX1]: Unknown image format 16
[GFX1]: Unknown image format 16
[GFX1]: Unknown image format 16
[GFX1]: Unknown image format 16
[GFX1]: Unknown image format 16
[GFX1]: Unknown image format 16
[GFX1]: Unknown image format 16
[GFX1]: Unknown image format 16
[GFX1]: Unknown image format 16
[GFX1]: Unknown image format 16
[GFX1]: Unknown image format 16
[GFX1]: Unknown image format 16
[GFX1]: Unknown image format 16
[GFX1]: Unknown image format 16
[GFX1]: Unknown image format 16
[GFX1]: Unknown image format 16
[GFX1]: Unknown image format 16
[GFX1]: Unknown image format 16
[GFX1]: Unknown image format 16
[GFX1]: Unknown image format 16
[GFX1]: Unknown image format 16
[GFX1]: Unknown image format 16
[GFX1]: Unknown image format 16
[GFX1]: Unknown image format 16
[GFX1]: Unknown image format 16
[GFX1]: Unknown image format 16
[GFX1]: Unknown image format 16
[GFX1]: Unknown image format 16
[GFX1]: Unknown image format 16
[GFX1]: Unknown image format 16
[GFX1]: Unknown image format 16
[GFX1]: Unknown image format 16
[GFX1]: Unknown image format 16
[GFX1]: Unknown image format 16
[GFX1]: Unknown image format 16
[GFX1]: Unknown image format 16
[GFX1]: Unknown image format 16
[GFX1]: Unknown image format 16
[GFX1]: Unknown image format 16
[GFX1]: Unknown image format 16
[GFX1]: Unknown image format 16
[GFX1]: Unknown image format 16
[GFX1]: Unknown image format 16
[GFX1]: Unknown image format 16
[GFX1]: Unknown image format 16
[GFX1]: Unknown image format 16
[GFX1]: Unknown image format 16
[GFX1]: Unknown image format 16
[GFX1]: Unknown image format 16
[GFX1]: Unknown image format 16
[GFX1]: Unknown image format 16
[GFX1]: Unknown image format 16
[GFX1]: Unknown image format 16
[GFX1]: Unknown image format 16
[GFX1]: Unknown image format 16
[GFX1]: Unknown image format 16

(firefox:18864): GLib-GObject-CRITICAL **: g_type_add_interface_static: assertion 'g_type_parent (interface_type) == G_TYPE_INTERFACE' failed

(firefox:18864): GLib-GObject-CRITICAL **: g_type_add_interface_static: assertion 'g_type_parent (interface_type) == G_TYPE_INTERFACE' failed

(firefox:18864): GLib-GObject-CRITICAL **: g_type_add_interface_static: assertion 'g_type_parent (interface_type) == G_TYPE_INTERFACE' failed
[GFX1]: Unknown image format 16
[GFX1]: Unknown image format 16
[GFX1]: Unknown image format 16
JavaScript error: , line 0: TypeError: NetworkError when attempting to fetch resource.
[GFX1]: Unknown image format 16
[GFX1]: Unknown image format 16
[GFX1]: Unknown image format 16
[GFX1]: Unknown image format 16
[GFX1]: Unknown image format 16
[GFX1]: Unknown image format 16
[GFX1]: Unknown image format 16
[GFX1]: Unknown image format 16
[GFX1]: Unknown image format 16
[GFX1]: Unknown image format 16
[GFX1]: Unknown image format 16
[GFX1]: Unknown image format 16
[GFX1]: Unknown image format 16
[GFX1]: Unknown image format 16
[GFX1]: Unknown image format 16
[GFX1]: Unknown image format 16
[GFX1]: Unknown image format 16
[GFX1]: Unknown image format 16
[GFX1]: Unknown image format 16
[GFX1]: Unknown image format 16
[GFX1]: Unknown image format 16
[GFX1]: Unknown image format 16
[GFX1]: Unknown image format 16
[GFX1]: Unknown image format 16

(firefox:18864): GLib-GObject-CRITICAL **: g_type_add_interface_static: assertion 'g_type_parent (interface_type) == G_TYPE_INTERFACE' failed

(firefox:18864): GLib-GObject-CRITICAL **: g_type_add_interface_static: assertion 'g_type_parent (interface_type) == G_TYPE_INTERFACE' failed
[GFX1]: Unknown image format 16
[GFX1]: Unknown image format 16
[GFX1]: Unknown image format 16
[GFX1]: Unknown image format 16
[GFX1]: Unknown image format 16
[GFX1]: Unknown image format 16
[GFX1]: Unknown image format 16
[GFX1]: Unknown image format 16
[GFX1]: Unknown image format 16
[GFX1]: Unknown image format 16
[GFX1]: Unknown image format 16
[GFX1]: Unknown image format 16
[GFX1]: Unknown image format 16
[GFX1]: Unknown image format 16
[GFX1]: Unknown image format 16
[GFX1]: Unknown image format 16
[GFX1]: Unknown image format 16
[GFX1]: Unknown image format 16
[GFX1]: Unknown image format 16
[GFX1]: Unknown image format 16
[GFX1]: Unknown image format 16
[GFX1]: Unknown image format 16
[GFX1]: Unknown image format 16
[GFX1]: Unknown image format 16
[GFX1]: Unknown image format 16
[Child 18921] WARNING: pipe error (3): Connection reset by peer: file /build/firefox-KJNrHn/firefox-50.0+build2/ipc/chromium/src/chrome/common/ipc_channel_posix.cc, line 320
[Child 18921] ###!!! ABORT: Aborting on channel error.: file /build/firefox-KJNrHn/firefox-50.0+build2/ipc/glue/MessageChannel.cpp, line 2056
[Child 18921] ###!!! ABORT: Aborting on channel error.: file /build/firefox-KJNrHn/firefox-50.0+build2/ipc/glue/MessageChannel.cpp, line 2056
1479979555546	geckodriver	INFO	Listening on 127.0.0.1:34402
1479979556546	mozprofile::profile	INFO	Using profile path /tmp/rust_mozprofile.GzTcmH4SOeJZ
1479979556548	geckodriver::marionette	INFO	Starting browser /usr/bin/firefox
1479979556551	geckodriver::marionette	INFO	Connecting to Marionette on localhost:54965

(firefox:18993): GLib-GObject-CRITICAL **: g_object_ref: assertion 'object->ref_count > 0' failed

(firefox:18993): GLib-GObject-CRITICAL **: g_object_unref: assertion 'object->ref_count > 0' failed

(firefox:18993): GLib-GObject-CRITICAL **: g_object_ref: assertion 'object->ref_count > 0' failed

(firefox:18993): GLib-GObject-CRITICAL **: g_object_unref: assertion 'object->ref_count > 0' failed
1479979556887	addons.manager	DEBUG	Application has been upgraded
1479979556914	addons.manager	DEBUG	Loaded provider scope for resource://gre/modules/addons/XPIProvider.jsm: ["XPIProvider"]
1479979556917	addons.manager	DEBUG	Loaded provider scope for resource://gre/modules/LightweightThemeManager.jsm: ["LightweightThemeManager"]
1479979556924	addons.manager	DEBUG	Loaded provider scope for resource://gre/modules/addons/GMPProvider.jsm
1479979556927	addons.manager	DEBUG	Loaded provider scope for resource://gre/modules/addons/PluginProvider.jsm
1479979556928	addons.manager	DEBUG	Starting provider: XPIProvider
1479979556929	addons.xpi	DEBUG	startup
1479979556930	addons.xpi	INFO	SystemAddonInstallLocation directory is missing
1479979556931	addons.xpi	INFO	Mapping e10srollout@mozilla.org to /usr/lib/firefox/browser/features/e10srollout@mozilla.org.xpi
1479979556931	addons.xpi	INFO	Mapping aushelper@mozilla.org to /usr/lib/firefox/browser/features/aushelper@mozilla.org.xpi
1479979556932	addons.xpi	INFO	Mapping firefox@getpocket.com to /usr/lib/firefox/browser/features/firefox@getpocket.com.xpi
1479979556933	addons.xpi	INFO	Mapping webcompat@mozilla.org to /usr/lib/firefox/browser/features/webcompat@mozilla.org.xpi
1479979556933	addons.xpi	INFO	Mapping {972ce4c6-7e08-4474-a285-3208198ce6fd} to /usr/lib/firefox/browser/extensions/{972ce4c6-7e08-4474-a285-3208198ce6fd}.xpi
1479979556934	addons.xpi	DEBUG	checkForChanges
1479979556935	addons.xpi	DEBUG	Loaded add-on state from prefs: {}
1479979556937	addons.xpi	DEBUG	New add-on e10srollout@mozilla.org in app-system-defaults
1479979556938	addons.xpi	DEBUG	getModTime: Recursive scan of e10srollout@mozilla.org
1479979556939	addons.xpi	DEBUG	New add-on aushelper@mozilla.org in app-system-defaults
1479979556939	addons.xpi	DEBUG	getModTime: Recursive scan of aushelper@mozilla.org
1479979556940	addons.xpi	DEBUG	New add-on firefox@getpocket.com in app-system-defaults
1479979556941	addons.xpi	DEBUG	getModTime: Recursive scan of firefox@getpocket.com
1479979556941	addons.xpi	DEBUG	New add-on webcompat@mozilla.org in app-system-defaults
1479979556942	addons.xpi	DEBUG	getModTime: Recursive scan of webcompat@mozilla.org
1479979556942	addons.xpi	DEBUG	New add-on {972ce4c6-7e08-4474-a285-3208198ce6fd} in app-global
1479979556943	addons.xpi	DEBUG	getModTime: Recursive scan of {972ce4c6-7e08-4474-a285-3208198ce6fd}
1479979556944	addons.xpi	DEBUG	getInstallState changed: true, state: {"app-system-defaults":{"e10srollout@mozilla.org":{"d":"/usr/lib/firefox/browser/features/e10srollout@mozilla.org.xpi","st":1479138870000},"aushelper@mozilla.org":{"d":"/usr/lib/firefox/browser/features/aushelper@mozilla.org.xpi","st":1479138870000},"firefox@getpocket.com":{"d":"/usr/lib/firefox/browser/features/firefox@getpocket.com.xpi","st":1479138870000},"webcompat@mozilla.org":{"d":"/usr/lib/firefox/browser/features/webcompat@mozilla.org.xpi","st":1479138870000}},"app-global":{"{972ce4c6-7e08-4474-a285-3208198ce6fd}":{"d":"/usr/lib/firefox/browser/extensions/{972ce4c6-7e08-4474-a285-3208198ce6fd}.xpi","st":1479138870000}}}
1479979556956	addons.xpi-utils	DEBUG	Opening XPI database /tmp/rust_mozprofile.GzTcmH4SOeJZ/extensions.json
1479979556957	addons.xpi-utils	DEBUG	New add-on e10srollout@mozilla.org installed in app-system-defaults
*** Blocklist::_loadBlocklistFromFile: blocklist is disabled
1479979556972	DeferredSave.extensions.json	DEBUG	Save changes
1479979556972	addons.xpi-utils	DEBUG	New add-on aushelper@mozilla.org installed in app-system-defaults
1479979556976	DeferredSave.extensions.json	DEBUG	Starting timer
1479979556979	DeferredSave.extensions.json	DEBUG	Save changes
1479979556979	addons.xpi-utils	DEBUG	New add-on firefox@getpocket.com installed in app-system-defaults
1479979556989	DeferredSave.extensions.json	DEBUG	Save changes
1479979556989	addons.xpi-utils	DEBUG	New add-on webcompat@mozilla.org installed in app-system-defaults
1479979556996	DeferredSave.extensions.json	DEBUG	Save changes
1479979556998	addons.xpi-utils	DEBUG	New add-on {972ce4c6-7e08-4474-a285-3208198ce6fd} installed in app-global
1479979557004	DeferredSave.extensions.json	DEBUG	Save changes
1479979557004	addons.manager	DEBUG	Registering startup change 'installed' for e10srollout@mozilla.org
1479979557015	addons.xpi	DEBUG	Loading bootstrap scope from /usr/lib/firefox/browser/features/e10srollout@mozilla.org.xpi
1479979557034	addons.xpi	DEBUG	Calling bootstrap method install on e10srollout@mozilla.org version 1.5
1479979557036	addons.xpi-utils	DEBUG	Make addon app-system-defaults:e10srollout@mozilla.org visible
1479979557036	DeferredSave.extensions.json	DEBUG	Save changes
1479979557037	addons.manager	DEBUG	Registering startup change 'installed' for aushelper@mozilla.org
1479979557038	addons.xpi	DEBUG	Loading bootstrap scope from /usr/lib/firefox/browser/features/aushelper@mozilla.org.xpi
1479979557042	addons.xpi	DEBUG	Calling bootstrap method install on aushelper@mozilla.org version 1.0
1479979557043	addons.xpi-utils	DEBUG	Make addon app-system-defaults:aushelper@mozilla.org visible
1479979557044	DeferredSave.extensions.json	DEBUG	Save changes
1479979557045	addons.manager	DEBUG	Registering startup change 'installed' for firefox@getpocket.com
1479979557046	addons.xpi	DEBUG	Loading bootstrap scope from /usr/lib/firefox/browser/features/firefox@getpocket.com.xpi
1479979557052	addons.xpi	DEBUG	Calling bootstrap method install on firefox@getpocket.com version 1.0.5
1479979557052	addons.xpi-utils	DEBUG	Make addon app-system-defaults:firefox@getpocket.com visible
1479979557053	DeferredSave.extensions.json	DEBUG	Save changes
1479979557053	addons.manager	DEBUG	Registering startup change 'installed' for webcompat@mozilla.org
1479979557054	addons.xpi	DEBUG	Loading bootstrap scope from /usr/lib/firefox/browser/features/webcompat@mozilla.org.xpi
1479979557056	addons.xpi	DEBUG	Calling bootstrap method install on webcompat@mozilla.org version 1.0
1479979557056	addons.xpi-utils	DEBUG	Make addon app-system-defaults:webcompat@mozilla.org visible
1479979557057	DeferredSave.extensions.json	DEBUG	Save changes
1479979557057	addons.xpi-utils	DEBUG	Make addon app-global:{972ce4c6-7e08-4474-a285-3208198ce6fd} visible
1479979557058	DeferredSave.extensions.json	DEBUG	Save changes
1479979557058	addons.xpi	DEBUG	Updating XPIState for {"id":"e10srollout@mozilla.org","syncGUID":"{be0e74bd-fc21-4610-92ae-99c7d53d1b1c}","location":"app-system-defaults","version":"1.5","type":"extension","internalName":null,"updateURL":null,"updateKey":null,"optionsURL":null,"optionsType":null,"aboutURL":null,"icons":{},"iconURL":null,"icon64URL":null,"defaultLocale":{"name":"Multi-process staged rollout","description":"Staged rollout of Firefox multi-process feature.","creator":null,"homepageURL":null},"visible":true,"active":true,"userDisabled":false,"appDisabled":false,"descriptor":"/usr/lib/firefox/browser/features/e10srollout@mozilla.org.xpi","installDate":1479138870000,"updateDate":1479138870000,"applyBackgroundUpdates":1,"bootstrap":true,"skinnable":false,"size":7208,"sourceURI":null,"releaseNotesURI":null,"softDisabled":false,"foreignInstall":false,"hasBinaryComponents":false,"strictCompatibility":false,"locales":[],"targetApplications":[{"id":"{ec8030f7-c20a-464f-9b0e-13a3a9e97384}","minVersion":"50.0","maxVersion":"50.*"}],"targetPlatforms":[],"multiprocessCompatible":false,"seen":true}
1479979557059	addons.xpi	DEBUG	getModTime: Recursive scan of e10srollout@mozilla.org
1479979557059	addons.xpi	DEBUG	Updating XPIState for {"id":"aushelper@mozilla.org","syncGUID":"{1f0c207a-40b2-49d3-943e-7c64fe61676a}","location":"app-system-defaults","version":"1.0","type":"extension","internalName":null,"updateURL":null,"updateKey":null,"optionsURL":null,"optionsType":null,"aboutURL":null,"icons":{},"iconURL":null,"icon64URL":null,"defaultLocale":{"name":"Application Update Service Helper","description":"Sets value(s) in the update url based on custom checks.","creator":null,"homepageURL":null},"visible":true,"active":true,"userDisabled":false,"appDisabled":false,"descriptor":"/usr/lib/firefox/browser/features/aushelper@mozilla.org.xpi","installDate":1479138870000,"updateDate":1479138870000,"applyBackgroundUpdates":1,"bootstrap":true,"skinnable":false,"size":5973,"sourceURI":null,"releaseNotesURI":null,"softDisabled":false,"foreignInstall":false,"hasBinaryComponents":false,"strictCompatibility":false,"locales":[],"targetApplications":[{"id":"{ec8030f7-c20a-464f-9b0e-13a3a9e97384}","minVersion":"50.0","maxVersion":"50.*"}],"targetPlatforms":[],"multiprocessCompatible":true,"seen":true}
1479979557059	addons.xpi	DEBUG	getModTime: Recursive scan of aushelper@mozilla.org
1479979557060	addons.xpi	DEBUG	Updating XPIState for {"id":"firefox@getpocket.com","syncGUID":"{f0a88611-736c-4032-b9ec-1d792355f16c}","location":"app-system-defaults","version":"1.0.5","type":"extension","internalName":null,"updateURL":null,"updateKey":null,"optionsURL":null,"optionsType":null,"aboutURL":null,"icons":{},"iconURL":null,"icon64URL":null,"defaultLocale":{"name":"Pocket","description":"When you find something you want to view later, put it in Pocket.","creator":null,"homepageURL":null},"visible":true,"active":true,"userDisabled":false,"appDisabled":false,"descriptor":"/usr/lib/firefox/browser/features/firefox@getpocket.com.xpi","installDate":1479138870000,"updateDate":1479138870000,"applyBackgroundUpdates":1,"bootstrap":true,"skinnable":false,"size":916880,"sourceURI":null,"releaseNotesURI":null,"softDisabled":false,"foreignInstall":false,"hasBinaryComponents":false,"strictCompatibility":false,"locales":[],"targetApplications":[{"id":"{ec8030f7-c20a-464f-9b0e-13a3a9e97384}","minVersion":"50.0","maxVersion":"50.*"}],"targetPlatforms":[],"multiprocessCompatible":false,"seen":true}
1479979557060	addons.xpi	DEBUG	getModTime: Recursive scan of firefox@getpocket.com
1479979557061	addons.xpi	DEBUG	Updating XPIState for {"id":"webcompat@mozilla.org","syncGUID":"{7b8a6631-6697-4779-bb3a-09f9137af246}","location":"app-system-defaults","version":"1.0","type":"extension","internalName":null,"updateURL":null,"updateKey":null,"optionsURL":null,"optionsType":null,"aboutURL":null,"icons":{},"iconURL":null,"icon64URL":null,"defaultLocale":{"name":"Web Compat","description":"Urgent post-release fixes for web compatibility.","creator":null,"homepageURL":null},"visible":true,"active":true,"userDisabled":false,"appDisabled":false,"descriptor":"/usr/lib/firefox/browser/features/webcompat@mozilla.org.xpi","installDate":1479138870000,"updateDate":1479138870000,"applyBackgroundUpdates":1,"bootstrap":true,"skinnable":false,"size":1500,"sourceURI":null,"releaseNotesURI":null,"softDisabled":false,"foreignInstall":false,"hasBinaryComponents":false,"strictCompatibility":false,"locales":[],"targetApplications":[{"id":"{ec8030f7-c20a-464f-9b0e-13a3a9e97384}","minVersion":"50.0","maxVersion":"50.*"}],"targetPlatforms":[],"multiprocessCompatible":false,"seen":true}
1479979557061	addons.xpi	DEBUG	getModTime: Recursive scan of webcompat@mozilla.org
1479979557061	addons.xpi	DEBUG	Updating XPIState for {"id":"{972ce4c6-7e08-4474-a285-3208198ce6fd}","syncGUID":"{44e3b25b-9c41-4a4f-9709-8c153981bf25}","location":"app-global","version":"50.0","type":"theme","internalName":"classic/1.0","updateURL":null,"updateKey":null,"optionsURL":null,"optionsType":null,"aboutURL":null,"icons":{"32":"icon.png","48":"icon.png"},"iconURL":null,"icon64URL":null,"defaultLocale":{"name":"Default","description":"The default theme.","creator":"Mozilla","homepageURL":null,"contributors":["Mozilla Contributors"]},"visible":true,"active":true,"userDisabled":false,"appDisabled":false,"descriptor":"/usr/lib/firefox/browser/extensions/{972ce4c6-7e08-4474-a285-3208198ce6fd}.xpi","installDate":1479138870000,"updateDate":1479138870000,"applyBackgroundUpdates":1,"skinnable":true,"size":4926,"sourceURI":null,"releaseNotesURI":null,"softDisabled":false,"foreignInstall":false,"hasBinaryComponents":false,"strictCompatibility":true,"locales":[],"targetApplications":[{"id":"{ec8030f7-c20a-464f-9b0e-13a3a9e97384}","minVersion":"50.0","maxVersion":"50.0"}],"targetPlatforms":[],"seen":true}
1479979557062	addons.xpi	DEBUG	getModTime: Recursive scan of {972ce4c6-7e08-4474-a285-3208198ce6fd}
1479979557064	DeferredSave.extensions.json	DEBUG	Save changes
1479979557064	addons.xpi	DEBUG	Updating database with changes to installed add-ons
1479979557064	addons.xpi-utils	DEBUG	Updating add-on states
1479979557065	addons.xpi-utils	DEBUG	Writing add-ons list
1479979557066	addons.xpi	DEBUG	Registering manifest for /usr/lib/firefox/browser/features/e10srollout@mozilla.org.xpi
1479979557067	addons.xpi	DEBUG	Calling bootstrap method startup on e10srollout@mozilla.org version 1.5
1479979557067	addons.xpi	DEBUG	Registering manifest for /usr/lib/firefox/browser/features/aushelper@mozilla.org.xpi
1479979557067	addons.xpi	DEBUG	Calling bootstrap method startup on aushelper@mozilla.org version 1.0
1479979557068	addons.xpi	DEBUG	Registering manifest for /usr/lib/firefox/browser/features/firefox@getpocket.com.xpi
1479979557069	addons.xpi	DEBUG	Calling bootstrap method startup on firefox@getpocket.com version 1.0.5
1479979557071	addons.xpi	DEBUG	Registering manifest for /usr/lib/firefox/browser/features/webcompat@mozilla.org.xpi
1479979557072	addons.xpi	DEBUG	Calling bootstrap method startup on webcompat@mozilla.org version 1.0
1479979557075	addons.manager	DEBUG	Registering shutdown blocker for XPIProvider
1479979557076	addons.manager	DEBUG	Provider finished startup: XPIProvider
1479979557076	addons.manager	DEBUG	Starting provider: LightweightThemeManager
1479979557076	addons.manager	DEBUG	Registering shutdown blocker for LightweightThemeManager
1479979557076	addons.manager	DEBUG	Provider finished startup: LightweightThemeManager
1479979557077	addons.manager	DEBUG	Starting provider: GMPProvider
1479979557089	addons.manager	DEBUG	Registering shutdown blocker for GMPProvider
1479979557089	addons.manager	DEBUG	Provider finished startup: GMPProvider
1479979557089	addons.manager	DEBUG	Starting provider: PluginProvider
1479979557090	addons.manager	DEBUG	Registering shutdown blocker for PluginProvider
1479979557090	addons.manager	DEBUG	Provider finished startup: PluginProvider
1479979557091	addons.manager	DEBUG	Completed startup sequence
1479979557401	Marionette	INFO	Listening on port 54965
1479979557718	addons.manager	DEBUG	Starting provider: <unnamed-provider>
1479979557718	addons.manager	DEBUG	Registering shutdown blocker for <unnamed-provider>
1479979557719	addons.manager	DEBUG	Provider finished startup: <unnamed-provider>
1479979557742	addons.manager	DEBUG	Starting provider: PreviousExperimentProvider
1479979557742	addons.manager	DEBUG	Registering shutdown blocker for PreviousExperimentProvider
1479979557744	addons.manager	DEBUG	Provider finished startup: PreviousExperimentProvider
1479979557750	DeferredSave.extensions.json	DEBUG	Starting write
1479979558014	DeferredSave.extensions.json	DEBUG	Write succeeded
1479979558015	addons.xpi-utils	DEBUG	XPI Database saved, setting schema version preference to 17
[GFX1]: Unknown image format 16
[GFX1]: Unknown image format 16

(/usr/lib/firefox/plugin-container:19050): GLib-GObject-CRITICAL **: g_object_ref: assertion 'object->ref_count > 0' failed

(/usr/lib/firefox/plugin-container:19050): GLib-GObject-CRITICAL **: g_object_unref: assertion 'object->ref_count > 0' failed

(/usr/lib/firefox/plugin-container:19050): GLib-GObject-CRITICAL **: g_object_ref: assertion 'object->ref_count > 0' failed

(/usr/lib/firefox/plugin-container:19050): GLib-GObject-CRITICAL **: g_object_unref: assertion 'object->ref_count > 0' failed
[GFX1]: Unknown image format 16
[GFX1]: Unknown image format 16
[GFX1]: Unknown image format 16
[GFX1]: Unknown image format 16
[GFX1]: Unknown image format 16
[GFX1]: Unknown image format 16
[GFX1]: Unknown image format 16
[GFX1]: Unknown image format 16
[GFX1]: Unknown image format 16
[GFX1]: Unknown image format 16
[GFX1]: Unknown image format 16
[GFX1]: Unknown image format 16
[GFX1]: Unknown image format 16
[GFX1]: Unknown image format 16
[GFX1]: Unknown image format 16
[GFX1]: Unknown image format 16
[GFX1]: Unknown image format 16
[GFX1]: Unknown image format 16
[GFX1]: Unknown image format 16
[GFX1]: Unknown image format 16
[GFX1]: Unknown image format 16
[GFX1]: Unknown image format 16
[GFX1]: Unknown image format 16
[GFX1]: Unknown image format 16
[GFX1]: Unknown image format 16
[GFX1]: Unknown image format 16
[GFX1]: Unknown image format 16
[GFX1]: Unknown image format 16
[GFX1]: Unknown image format 16
[GFX1]: Unknown image format 16
[GFX1]: Unknown image format 16
[GFX1]: Unknown image format 16
[GFX1]: Unknown image format 16
[GFX1]: Unknown image format 16
[GFX1]: Unknown image format 16
[GFX1]: Unknown image format 16
[GFX1]: Unknown image format 16
[GFX1]: Unknown image format 16
[GFX1]: Unknown image format 16
[GFX1]: Unknown image format 16
[GFX1]: Unknown image format 16
[GFX1]: Unknown image format 16
[GFX1]: Unknown image format 16
[GFX1]: Unknown image format 16
[GFX1]: Unknown image format 16
[GFX1]: Unknown image format 16
[GFX1]: Unknown image format 16
[GFX1]: Unknown image format 16
[GFX1]: Unknown image format 16
[GFX1]: Unknown image format 16
[GFX1]: Unknown image format 16
[GFX1]: Unknown image format 16
[GFX1]: Unknown image format 16
[GFX1]: Unknown image format 16
[GFX1]: Unknown image format 16
[GFX1]: Unknown image format 16
[GFX1]: Unknown image format 16
[GFX1]: Unknown image format 16
[GFX1]: Unknown image format 16
[GFX1]: Unknown image format 16
[GFX1]: Unknown image format 16
[GFX1]: Unknown image format 16
[GFX1]: Unknown image format 16
[GFX1]: Unknown image format 16
[GFX1]: Unknown image format 16
[GFX1]: Unknown image format 16
[GFX1]: Unknown image format 16
[GFX1]: Unknown image format 16
[GFX1]: Unknown image format 16
[GFX1]: Unknown image format 16
[GFX1]: Unknown image format 16
[GFX1]: Unknown image format 16
[GFX1]: Unknown image format 16
[GFX1]: Unknown image format 16
[GFX1]: Unknown image format 16
[GFX1]: Unknown image format 16

(firefox:18993): GLib-GObject-CRITICAL **: g_type_add_interface_static: assertion 'g_type_parent (interface_type) == G_TYPE_INTERFACE' failed

(firefox:18993): GLib-GObject-CRITICAL **: g_type_add_interface_static: assertion 'g_type_parent (interface_type) == G_TYPE_INTERFACE' failed

(firefox:18993): GLib-GObject-CRITICAL **: g_type_add_interface_static: assertion 'g_type_parent (interface_type) == G_TYPE_INTERFACE' failed
[GFX1]: Unknown image format 16
[GFX1]: Unknown image format 16
[GFX1]: Unknown image format 16
JavaScript error: , line 0: TypeError: NetworkError when attempting to fetch resource.
[GFX1]: Unknown image format 16
[GFX1]: Unknown image format 16
[GFX1]: Unknown image format 16
[GFX1]: Unknown image format 16
[GFX1]: Unknown image format 16
[GFX1]: Unknown image format 16
[GFX1]: Unknown image format 16
[GFX1]: Unknown image format 16
[GFX1]: Unknown image format 16
[GFX1]: Unknown image format 16
[GFX1]: Unknown image format 16
[GFX1]: Unknown image format 16
[GFX1]: Unknown image format 16
[GFX1]: Unknown image format 16
[Child 19050] ###!!! ABORT: Aborting on channel error.: file /build/firefox-KJNrHn/firefox-50.0+build2/ipc/glue/MessageChannel.cpp, line 2056
[Child 19050] ###!!! ABORT: Aborting on channel error.: file /build/firefox-KJNrHn/firefox-50.0+build2/ipc/glue/MessageChannel.cpp, line 2056
1479979668279	geckodriver	INFO	Listening on 127.0.0.1:51064
1479979669277	mozprofile::profile	INFO	Using profile path /tmp/rust_mozprofile.7w01KWM4Ix9G
1479979669280	geckodriver::marionette	INFO	Starting browser /usr/bin/firefox
1479979669283	geckodriver::marionette	INFO	Connecting to Marionette on localhost:41724

(firefox:19122): GLib-GObject-CRITICAL **: g_object_ref: assertion 'object->ref_count > 0' failed

(firefox:19122): GLib-GObject-CRITICAL **: g_object_unref: assertion 'object->ref_count > 0' failed

(firefox:19122): GLib-GObject-CRITICAL **: g_object_ref: assertion 'object->ref_count > 0' failed

(firefox:19122): GLib-GObject-CRITICAL **: g_object_unref: assertion 'object->ref_count > 0' failed
1479979669509	addons.manager	DEBUG	Application has been upgraded
1479979669535	addons.manager	DEBUG	Loaded provider scope for resource://gre/modules/addons/XPIProvider.jsm: ["XPIProvider"]
1479979669539	addons.manager	DEBUG	Loaded provider scope for resource://gre/modules/LightweightThemeManager.jsm: ["LightweightThemeManager"]
1479979669546	addons.manager	DEBUG	Loaded provider scope for resource://gre/modules/addons/GMPProvider.jsm
1479979669549	addons.manager	DEBUG	Loaded provider scope for resource://gre/modules/addons/PluginProvider.jsm
1479979669550	addons.manager	DEBUG	Starting provider: XPIProvider
1479979669551	addons.xpi	DEBUG	startup
1479979669552	addons.xpi	INFO	SystemAddonInstallLocation directory is missing
1479979669553	addons.xpi	INFO	Mapping e10srollout@mozilla.org to /usr/lib/firefox/browser/features/e10srollout@mozilla.org.xpi
1479979669554	addons.xpi	INFO	Mapping aushelper@mozilla.org to /usr/lib/firefox/browser/features/aushelper@mozilla.org.xpi
1479979669554	addons.xpi	INFO	Mapping firefox@getpocket.com to /usr/lib/firefox/browser/features/firefox@getpocket.com.xpi
1479979669555	addons.xpi	INFO	Mapping webcompat@mozilla.org to /usr/lib/firefox/browser/features/webcompat@mozilla.org.xpi
1479979669556	addons.xpi	INFO	Mapping {972ce4c6-7e08-4474-a285-3208198ce6fd} to /usr/lib/firefox/browser/extensions/{972ce4c6-7e08-4474-a285-3208198ce6fd}.xpi
1479979669557	addons.xpi	DEBUG	checkForChanges
1479979669558	addons.xpi	DEBUG	Loaded add-on state from prefs: {}
1479979669559	addons.xpi	DEBUG	New add-on e10srollout@mozilla.org in app-system-defaults
1479979669561	addons.xpi	DEBUG	getModTime: Recursive scan of e10srollout@mozilla.org
1479979669562	addons.xpi	DEBUG	New add-on aushelper@mozilla.org in app-system-defaults
1479979669562	addons.xpi	DEBUG	getModTime: Recursive scan of aushelper@mozilla.org
1479979669563	addons.xpi	DEBUG	New add-on firefox@getpocket.com in app-system-defaults
1479979669564	addons.xpi	DEBUG	getModTime: Recursive scan of firefox@getpocket.com
1479979669564	addons.xpi	DEBUG	New add-on webcompat@mozilla.org in app-system-defaults
1479979669565	addons.xpi	DEBUG	getModTime: Recursive scan of webcompat@mozilla.org
1479979669565	addons.xpi	DEBUG	New add-on {972ce4c6-7e08-4474-a285-3208198ce6fd} in app-global
1479979669566	addons.xpi	DEBUG	getModTime: Recursive scan of {972ce4c6-7e08-4474-a285-3208198ce6fd}
1479979669567	addons.xpi	DEBUG	getInstallState changed: true, state: {"app-system-defaults":{"e10srollout@mozilla.org":{"d":"/usr/lib/firefox/browser/features/e10srollout@mozilla.org.xpi","st":1479138870000},"aushelper@mozilla.org":{"d":"/usr/lib/firefox/browser/features/aushelper@mozilla.org.xpi","st":1479138870000},"firefox@getpocket.com":{"d":"/usr/lib/firefox/browser/features/firefox@getpocket.com.xpi","st":1479138870000},"webcompat@mozilla.org":{"d":"/usr/lib/firefox/browser/features/webcompat@mozilla.org.xpi","st":1479138870000}},"app-global":{"{972ce4c6-7e08-4474-a285-3208198ce6fd}":{"d":"/usr/lib/firefox/browser/extensions/{972ce4c6-7e08-4474-a285-3208198ce6fd}.xpi","st":1479138870000}}}
1479979669579	addons.xpi-utils	DEBUG	Opening XPI database /tmp/rust_mozprofile.7w01KWM4Ix9G/extensions.json
1479979669581	addons.xpi-utils	DEBUG	New add-on e10srollout@mozilla.org installed in app-system-defaults
*** Blocklist::_loadBlocklistFromFile: blocklist is disabled
1479979669595	DeferredSave.extensions.json	DEBUG	Save changes
1479979669596	addons.xpi-utils	DEBUG	New add-on aushelper@mozilla.org installed in app-system-defaults
1479979669600	DeferredSave.extensions.json	DEBUG	Starting timer
1479979669602	DeferredSave.extensions.json	DEBUG	Save changes
1479979669602	addons.xpi-utils	DEBUG	New add-on firefox@getpocket.com installed in app-system-defaults
1479979669612	DeferredSave.extensions.json	DEBUG	Save changes
1479979669613	addons.xpi-utils	DEBUG	New add-on webcompat@mozilla.org installed in app-system-defaults
1479979669621	DeferredSave.extensions.json	DEBUG	Save changes
1479979669622	addons.xpi-utils	DEBUG	New add-on {972ce4c6-7e08-4474-a285-3208198ce6fd} installed in app-global
1479979669628	DeferredSave.extensions.json	DEBUG	Save changes
1479979669629	addons.manager	DEBUG	Registering startup change 'installed' for e10srollout@mozilla.org
1479979669639	addons.xpi	DEBUG	Loading bootstrap scope from /usr/lib/firefox/browser/features/e10srollout@mozilla.org.xpi
1479979669658	addons.xpi	DEBUG	Calling bootstrap method install on e10srollout@mozilla.org version 1.5
1479979669660	addons.xpi-utils	DEBUG	Make addon app-system-defaults:e10srollout@mozilla.org visible
1479979669661	DeferredSave.extensions.json	DEBUG	Save changes
1479979669661	addons.manager	DEBUG	Registering startup change 'installed' for aushelper@mozilla.org
1479979669662	addons.xpi	DEBUG	Loading bootstrap scope from /usr/lib/firefox/browser/features/aushelper@mozilla.org.xpi
1479979669667	addons.xpi	DEBUG	Calling bootstrap method install on aushelper@mozilla.org version 1.0
1479979669667	addons.xpi-utils	DEBUG	Make addon app-system-defaults:aushelper@mozilla.org visible
1479979669668	DeferredSave.extensions.json	DEBUG	Save changes
1479979669669	addons.manager	DEBUG	Registering startup change 'installed' for firefox@getpocket.com
1479979669670	addons.xpi	DEBUG	Loading bootstrap scope from /usr/lib/firefox/browser/features/firefox@getpocket.com.xpi
1479979669676	addons.xpi	DEBUG	Calling bootstrap method install on firefox@getpocket.com version 1.0.5
1479979669676	addons.xpi-utils	DEBUG	Make addon app-system-defaults:firefox@getpocket.com visible
1479979669677	DeferredSave.extensions.json	DEBUG	Save changes
1479979669677	addons.manager	DEBUG	Registering startup change 'installed' for webcompat@mozilla.org
1479979669678	addons.xpi	DEBUG	Loading bootstrap scope from /usr/lib/firefox/browser/features/webcompat@mozilla.org.xpi
1479979669680	addons.xpi	DEBUG	Calling bootstrap method install on webcompat@mozilla.org version 1.0
1479979669680	addons.xpi-utils	DEBUG	Make addon app-system-defaults:webcompat@mozilla.org visible
1479979669681	DeferredSave.extensions.json	DEBUG	Save changes
1479979669681	addons.xpi-utils	DEBUG	Make addon app-global:{972ce4c6-7e08-4474-a285-3208198ce6fd} visible
1479979669681	DeferredSave.extensions.json	DEBUG	Save changes
1479979669682	addons.xpi	DEBUG	Updating XPIState for {"id":"e10srollout@mozilla.org","syncGUID":"{dd574c5a-b793-4c41-abc4-9ebd8c0ee38c}","location":"app-system-defaults","version":"1.5","type":"extension","internalName":null,"updateURL":null,"updateKey":null,"optionsURL":null,"optionsType":null,"aboutURL":null,"icons":{},"iconURL":null,"icon64URL":null,"defaultLocale":{"name":"Multi-process staged rollout","description":"Staged rollout of Firefox multi-process feature.","creator":null,"homepageURL":null},"visible":true,"active":true,"userDisabled":false,"appDisabled":false,"descriptor":"/usr/lib/firefox/browser/features/e10srollout@mozilla.org.xpi","installDate":1479138870000,"updateDate":1479138870000,"applyBackgroundUpdates":1,"bootstrap":true,"skinnable":false,"size":7208,"sourceURI":null,"releaseNotesURI":null,"softDisabled":false,"foreignInstall":false,"hasBinaryComponents":false,"strictCompatibility":false,"locales":[],"targetApplications":[{"id":"{ec8030f7-c20a-464f-9b0e-13a3a9e97384}","minVersion":"50.0","maxVersion":"50.*"}],"targetPlatforms":[],"multiprocessCompatible":false,"seen":true}
1479979669682	addons.xpi	DEBUG	getModTime: Recursive scan of e10srollout@mozilla.org
1479979669683	addons.xpi	DEBUG	Updating XPIState for {"id":"aushelper@mozilla.org","syncGUID":"{3fea394c-c04e-419e-9dee-93537e3645d9}","location":"app-system-defaults","version":"1.0","type":"extension","internalName":null,"updateURL":null,"updateKey":null,"optionsURL":null,"optionsType":null,"aboutURL":null,"icons":{},"iconURL":null,"icon64URL":null,"defaultLocale":{"name":"Application Update Service Helper","description":"Sets value(s) in the update url based on custom checks.","creator":null,"homepageURL":null},"visible":true,"active":true,"userDisabled":false,"appDisabled":false,"descriptor":"/usr/lib/firefox/browser/features/aushelper@mozilla.org.xpi","installDate":1479138870000,"updateDate":1479138870000,"applyBackgroundUpdates":1,"bootstrap":true,"skinnable":false,"size":5973,"sourceURI":null,"releaseNotesURI":null,"softDisabled":false,"foreignInstall":false,"hasBinaryComponents":false,"strictCompatibility":false,"locales":[],"targetApplications":[{"id":"{ec8030f7-c20a-464f-9b0e-13a3a9e97384}","minVersion":"50.0","maxVersion":"50.*"}],"targetPlatforms":[],"multiprocessCompatible":true,"seen":true}
1479979669683	addons.xpi	DEBUG	getModTime: Recursive scan of aushelper@mozilla.org
1479979669684	addons.xpi	DEBUG	Updating XPIState for {"id":"firefox@getpocket.com","syncGUID":"{c8fad18f-89b6-487d-8045-7281f20e3d9c}","location":"app-system-defaults","version":"1.0.5","type":"extension","internalName":null,"updateURL":null,"updateKey":null,"optionsURL":null,"optionsType":null,"aboutURL":null,"icons":{},"iconURL":null,"icon64URL":null,"defaultLocale":{"name":"Pocket","description":"When you find something you want to view later, put it in Pocket.","creator":null,"homepageURL":null},"visible":true,"active":true,"userDisabled":false,"appDisabled":false,"descriptor":"/usr/lib/firefox/browser/features/firefox@getpocket.com.xpi","installDate":1479138870000,"updateDate":1479138870000,"applyBackgroundUpdates":1,"bootstrap":true,"skinnable":false,"size":916880,"sourceURI":null,"releaseNotesURI":null,"softDisabled":false,"foreignInstall":false,"hasBinaryComponents":false,"strictCompatibility":false,"locales":[],"targetApplications":[{"id":"{ec8030f7-c20a-464f-9b0e-13a3a9e97384}","minVersion":"50.0","maxVersion":"50.*"}],"targetPlatforms":[],"multiprocessCompatible":false,"seen":true}
1479979669684	addons.xpi	DEBUG	getModTime: Recursive scan of firefox@getpocket.com
1479979669684	addons.xpi	DEBUG	Updating XPIState for {"id":"webcompat@mozilla.org","syncGUID":"{599ad64c-4eed-4d23-ac12-1ea08d2af4f9}","location":"app-system-defaults","version":"1.0","type":"extension","internalName":null,"updateURL":null,"updateKey":null,"optionsURL":null,"optionsType":null,"aboutURL":null,"icons":{},"iconURL":null,"icon64URL":null,"defaultLocale":{"name":"Web Compat","description":"Urgent post-release fixes for web compatibility.","creator":null,"homepageURL":null},"visible":true,"active":true,"userDisabled":false,"appDisabled":false,"descriptor":"/usr/lib/firefox/browser/features/webcompat@mozilla.org.xpi","installDate":1479138870000,"updateDate":1479138870000,"applyBackgroundUpdates":1,"bootstrap":true,"skinnable":false,"size":1500,"sourceURI":null,"releaseNotesURI":null,"softDisabled":false,"foreignInstall":false,"hasBinaryComponents":false,"strictCompatibility":false,"locales":[],"targetApplications":[{"id":"{ec8030f7-c20a-464f-9b0e-13a3a9e97384}","minVersion":"50.0","maxVersion":"50.*"}],"targetPlatforms":[],"multiprocessCompatible":false,"seen":true}
1479979669685	addons.xpi	DEBUG	getModTime: Recursive scan of webcompat@mozilla.org
1479979669685	addons.xpi	DEBUG	Updating XPIState for {"id":"{972ce4c6-7e08-4474-a285-3208198ce6fd}","syncGUID":"{bc13f444-f787-4b3d-afde-947091fc8a0a}","location":"app-global","version":"50.0","type":"theme","internalName":"classic/1.0","updateURL":null,"updateKey":null,"optionsURL":null,"optionsType":null,"aboutURL":null,"icons":{"32":"icon.png","48":"icon.png"},"iconURL":null,"icon64URL":null,"defaultLocale":{"name":"Default","description":"The default theme.","creator":"Mozilla","homepageURL":null,"contributors":["Mozilla Contributors"]},"visible":true,"active":true,"userDisabled":false,"appDisabled":false,"descriptor":"/usr/lib/firefox/browser/extensions/{972ce4c6-7e08-4474-a285-3208198ce6fd}.xpi","installDate":1479138870000,"updateDate":1479138870000,"applyBackgroundUpdates":1,"skinnable":true,"size":4926,"sourceURI":null,"releaseNotesURI":null,"softDisabled":false,"foreignInstall":false,"hasBinaryComponents":false,"strictCompatibility":true,"locales":[],"targetApplications":[{"id":"{ec8030f7-c20a-464f-9b0e-13a3a9e97384}","minVersion":"50.0","maxVersion":"50.0"}],"targetPlatforms":[],"seen":true}
1479979669685	addons.xpi	DEBUG	getModTime: Recursive scan of {972ce4c6-7e08-4474-a285-3208198ce6fd}
1479979669687	DeferredSave.extensions.json	DEBUG	Save changes
1479979669687	addons.xpi	DEBUG	Updating database with changes to installed add-ons
1479979669687	addons.xpi-utils	DEBUG	Updating add-on states
1479979669688	addons.xpi-utils	DEBUG	Writing add-ons list
1479979669690	addons.xpi	DEBUG	Registering manifest for /usr/lib/firefox/browser/features/e10srollout@mozilla.org.xpi
1479979669690	addons.xpi	DEBUG	Calling bootstrap method startup on e10srollout@mozilla.org version 1.5
1479979669691	addons.xpi	DEBUG	Registering manifest for /usr/lib/firefox/browser/features/aushelper@mozilla.org.xpi
1479979669691	addons.xpi	DEBUG	Calling bootstrap method startup on aushelper@mozilla.org version 1.0
1479979669692	addons.xpi	DEBUG	Registering manifest for /usr/lib/firefox/browser/features/firefox@getpocket.com.xpi
1479979669692	addons.xpi	DEBUG	Calling bootstrap method startup on firefox@getpocket.com version 1.0.5
1479979669695	addons.xpi	DEBUG	Registering manifest for /usr/lib/firefox/browser/features/webcompat@mozilla.org.xpi
1479979669695	addons.xpi	DEBUG	Calling bootstrap method startup on webcompat@mozilla.org version 1.0
1479979669698	addons.manager	DEBUG	Registering shutdown blocker for XPIProvider
1479979669699	addons.manager	DEBUG	Provider finished startup: XPIProvider
1479979669699	addons.manager	DEBUG	Starting provider: LightweightThemeManager
1479979669699	addons.manager	DEBUG	Registering shutdown blocker for LightweightThemeManager
1479979669699	addons.manager	DEBUG	Provider finished startup: LightweightThemeManager
1479979669700	addons.manager	DEBUG	Starting provider: GMPProvider
1479979669711	addons.manager	DEBUG	Registering shutdown blocker for GMPProvider
1479979669711	addons.manager	DEBUG	Provider finished startup: GMPProvider
1479979669711	addons.manager	DEBUG	Starting provider: PluginProvider
1479979669712	addons.manager	DEBUG	Registering shutdown blocker for PluginProvider
1479979669712	addons.manager	DEBUG	Provider finished startup: PluginProvider
1479979669713	addons.manager	DEBUG	Completed startup sequence
1479979669933	Marionette	INFO	Listening on port 41724
1479979670374	addons.manager	DEBUG	Starting provider: <unnamed-provider>
1479979670374	addons.manager	DEBUG	Registering shutdown blocker for <unnamed-provider>
1479979670374	addons.manager	DEBUG	Provider finished startup: <unnamed-provider>
1479979670398	addons.manager	DEBUG	Starting provider: PreviousExperimentProvider
1479979670398	addons.manager	DEBUG	Registering shutdown blocker for PreviousExperimentProvider
1479979670400	addons.manager	DEBUG	Provider finished startup: PreviousExperimentProvider
1479979670406	DeferredSave.extensions.json	DEBUG	Starting write
1479979670676	DeferredSave.extensions.json	DEBUG	Write succeeded
1479979670676	addons.xpi-utils	DEBUG	XPI Database saved, setting schema version preference to 17
[GFX1]: Unknown image format 16
[GFX1]: Unknown image format 16

(/usr/lib/firefox/plugin-container:19183): GLib-GObject-CRITICAL **: g_object_ref: assertion 'object->ref_count > 0' failed

(/usr/lib/firefox/plugin-container:19183): GLib-GObject-CRITICAL **: g_object_unref: assertion 'object->ref_count > 0' failed

(/usr/lib/firefox/plugin-container:19183): GLib-GObject-CRITICAL **: g_object_ref: assertion 'object->ref_count > 0' failed

(/usr/lib/firefox/plugin-container:19183): GLib-GObject-CRITICAL **: g_object_unref: assertion 'object->ref_count > 0' failed
[GFX1]: Unknown image format 16
[GFX1]: Unknown image format 16
[GFX1]: Unknown image format 16
[GFX1]: Unknown image format 16
[GFX1]: Unknown image format 16
[GFX1]: Unknown image format 16
[GFX1]: Unknown image format 16
[GFX1]: Unknown image format 16
[GFX1]: Unknown image format 16
[GFX1]: Unknown image format 16
[GFX1]: Unknown image format 16
[GFX1]: Unknown image format 16
[GFX1]: Unknown image format 16
[GFX1]: Unknown image format 16
[GFX1]: Unknown image format 16
[GFX1]: Unknown image format 16
[GFX1]: Unknown image format 16
[GFX1]: Unknown image format 16
[GFX1]: Unknown image format 16
[GFX1]: Unknown image format 16
[GFX1]: Unknown image format 16
[GFX1]: Unknown image format 16
[GFX1]: Unknown image format 16
[GFX1]: Unknown image format 16
[GFX1]: Unknown image format 16
[GFX1]: Unknown image format 16
[GFX1]: Unknown image format 16
[GFX1]: Unknown image format 16
[GFX1]: Unknown image format 16
[GFX1]: Unknown image format 16
[GFX1]: Unknown image format 16
[GFX1]: Unknown image format 16
[GFX1]: Unknown image format 16
[GFX1]: Unknown image format 16
[GFX1]: Unknown image format 16
[GFX1]: Unknown image format 16
[GFX1]: Unknown image format 16
[GFX1]: Unknown image format 16
[GFX1]: Unknown image format 16
[GFX1]: Unknown image format 16
[GFX1]: Unknown image format 16
[GFX1]: Unknown image format 16
[GFX1]: Unknown image format 16
[GFX1]: Unknown image format 16
[GFX1]: Unknown image format 16
[GFX1]: Unknown image format 16
[GFX1]: Unknown image format 16
[GFX1]: Unknown image format 16
[GFX1]: Unknown image format 16
[GFX1]: Unknown image format 16
[GFX1]: Unknown image format 16
[GFX1]: Unknown image format 16
[GFX1]: Unknown image format 16
[GFX1]: Unknown image format 16
[GFX1]: Unknown image format 16
[GFX1]: Unknown image format 16
[GFX1]: Unknown image format 16
[GFX1]: Unknown image format 16
[GFX1]: Unknown image format 16
[GFX1]: Unknown image format 16
[GFX1]: Unknown image format 16
[GFX1]: Unknown image format 16
[GFX1]: Unknown image format 16
[GFX1]: Unknown image format 16
[GFX1]: Unknown image format 16
[GFX1]: Unknown image format 16
[GFX1]: Unknown image format 16
[GFX1]: Unknown image format 16
[GFX1]: Unknown image format 16
[GFX1]: Unknown image format 16
[GFX1]: Unknown image format 16
[GFX1]: Unknown image format 16
[GFX1]: Unknown image format 16
[GFX1]: Unknown image format 16
[GFX1]: Unknown image format 16
[GFX1]: Unknown image format 16
[GFX1]: Unknown image format 16
[GFX1]: Unknown image format 16

(firefox:19122): GLib-GObject-CRITICAL **: g_type_add_interface_static: assertion 'g_type_parent (interface_type) == G_TYPE_INTERFACE' failed

(firefox:19122): GLib-GObject-CRITICAL **: g_type_add_interface_static: assertion 'g_type_parent (interface_type) == G_TYPE_INTERFACE' failed

(firefox:19122): GLib-GObject-CRITICAL **: g_type_add_interface_static: assertion 'g_type_parent (interface_type) == G_TYPE_INTERFACE' failed
[GFX1]: Unknown image format 16
[GFX1]: Unknown image format 16
JavaScript error: , line 0: TypeError: NetworkError when attempting to fetch resource.
[GFX1]: Unknown image format 16
[GFX1]: Unknown image format 16
[GFX1]: Unknown image format 16
[GFX1]: Unknown image format 16
[GFX1]: Unknown image format 16
[GFX1]: Unknown image format 16
[GFX1]: Unknown image format 16
[GFX1]: Unknown image format 16
[GFX1]: Unknown image format 16
[GFX1]: Unknown image format 16
[GFX1]: Unknown image format 16
[GFX1]: Unknown image format 16
[GFX1]: Unknown image format 16
[GFX1]: Unknown image format 16
[GFX1]: Unknown image format 16
[GFX1]: Unknown image format 16
[GFX1]: Unknown image format 16

(firefox:19122): GLib-GObject-CRITICAL **: g_type_add_interface_static: assertion 'g_type_parent (interface_type) == G_TYPE_INTERFACE' failed

(firefox:19122): GLib-GObject-CRITICAL **: g_type_add_interface_static: assertion 'g_type_parent (interface_type) == G_TYPE_INTERFACE' failed
[GFX1]: Unknown image format 16
[Child 19183] ###!!! ABORT: Aborting on channel error.: file /build/firefox-KJNrHn/firefox-50.0+build2/ipc/glue/MessageChannel.cpp, line 2056
[Child 19183] ###!!! ABORT: Aborting on channel error.: file /build/firefox-KJNrHn/firefox-50.0+build2/ipc/glue/MessageChannel.cpp, line 2056
